The target system is: Linux -  - loongson
The host system is: Linux - 5.15.0-139-generic - x86_64
Compiling the C compiler identification source file "CMakeCCompilerId.c" succeeded.
Compiler: /opt/loongson-gnu-toolchain-8.3-x86_64-loongarch64-linux-gnu-rc1.4/bin/loongarch64-linux-gnu-gcc 
Build flags: ;-O3;-Wall
Id flags:  

The output was:
0


Compilation of the C compiler identification source "CMakeCCompilerId.c" produced "a.out"

The C compiler identification is GNU, found in "/home/benben/桌面/Temp/robot/Robot/build/CMakeFiles/3.16.3/CompilerIdC/a.out"

Compiling the CXX compiler identification source file "CMakeCXXCompilerId.cpp" succeeded.
Compiler: /opt/loongson-gnu-toolchain-8.3-x86_64-loongarch64-linux-gnu-rc1.4/bin/loongarch64-linux-gnu-g++ 
Build flags: ;-O3;-pthread;-Wall
Id flags:  

The output was:
0


Compilation of the CXX compiler identification source "CMakeCXXCompilerId.cpp" produced "a.out"

The CXX compiler identification is GNU, found in "/home/benben/桌面/Temp/robot/Robot/build/CMakeFiles/3.16.3/CompilerIdCXX/a.out"

Determining if the C compiler works passed with the following output:
Change Dir: /home/benben/桌面/Temp/robot/Robot/build/CMakeFiles/CMakeTmp

Run Build Command(s):/usr/bin/make cmTC_8a090/fast && make: 警告：文件“Makefile”的修改时间在未来 1.1 秒后
/usr/bin/make -f CMakeFiles/cmTC_8a090.dir/build.make CMakeFiles/cmTC_8a090.dir/build
make[1]: 进入目录“/mnt/hgfs/Temp/robot/Robot/build/CMakeFiles/CMakeTmp”
make[1]: 警告：文件“CMakeFiles/cmTC_8a090.dir/flags.make”的修改时间在未来 1 秒后
Building C object CMakeFiles/cmTC_8a090.dir/testCCompiler.c.o
/opt/loongson-gnu-toolchain-8.3-x86_64-loongarch64-linux-gnu-rc1.4/bin/loongarch64-linux-gnu-gcc   -O3 -Wall    -o CMakeFiles/cmTC_8a090.dir/testCCompiler.c.o   -c /home/benben/桌面/Temp/robot/Robot/build/CMakeFiles/CMakeTmp/testCCompiler.c
Linking C executable cmTC_8a090
/usr/bin/cmake -E cmake_link_script CMakeFiles/cmTC_8a090.dir/link.txt --verbose=1
/opt/loongson-gnu-toolchain-8.3-x86_64-loongarch64-linux-gnu-rc1.4/bin/loongarch64-linux-gnu-gcc  -O3 -Wall     CMakeFiles/cmTC_8a090.dir/testCCompiler.c.o  -o cmTC_8a090 
make[1]: 警告：检测到时钟错误。您的构建版本可能是不完整的。
make[1]: 离开目录“/mnt/hgfs/Temp/robot/Robot/build/CMakeFiles/CMakeTmp”
make: 警告：检测到时钟错误。您的构建版本可能是不完整的。



Detecting C compiler ABI info compiled with the following output:
Change Dir: /home/benben/桌面/Temp/robot/Robot/build/CMakeFiles/CMakeTmp

Run Build Command(s):/usr/bin/make cmTC_eeb92/fast && make: Warning: File 'Makefile' has modification time 0.68 s in the future
/usr/bin/make -f CMakeFiles/cmTC_eeb92.dir/build.make CMakeFiles/cmTC_eeb92.dir/build
make[1]: Entering directory '/mnt/hgfs/Temp/robot/Robot/build/CMakeFiles/CMakeTmp'
make[1]: Warning: File 'CMakeFiles/cmTC_eeb92.dir/flags.make' has modification time 0.67 s in the future
Building C object CMakeFiles/cmTC_eeb92.dir/CMakeCCompilerABI.c.o
/opt/loongson-gnu-toolchain-8.3-x86_64-loongarch64-linux-gnu-rc1.4/bin/loongarch64-linux-gnu-gcc   -O3 -Wall    -v -o CMakeFiles/cmTC_eeb92.dir/CMakeCCompilerABI.c.o   -c /usr/share/cmake-3.16/Modules/CMakeCCompilerABI.c
Using built-in specs.
COLLECT_GCC=/opt/loongson-gnu-toolchain-8.3-x86_64-loongarch64-linux-gnu-rc1.4/bin/loongarch64-linux-gnu-gcc
Target: loongarch64-linux-gnu
Configured with: /dev/shm/build-loongarch64-linux-gnu-x86_64-gcc8-rc1.4-20240615/src/gcc/configure CC='/dev/shm/build-loongarch64-linux-gnu-x86_64-gcc8-rc1.4-20240615/build-cross-host/root/usr/bin/x86_64-linux-gnu-gcc    -I/dev/shm/build-loongarch64-linux-gnu-x86_64-gcc8-rc1.4-20240615/build-lib-host/root/usr/include' CXX='/dev/shm/build-loongarch64-linux-gnu-x86_64-gcc8-rc1.4-20240615/build-cross-host/root/usr/bin/x86_64-linux-gnu-g++    -I/dev/shm/build-loongarch64-linux-gnu-x86_64-gcc8-rc1.4-20240615/build-lib-host/root/usr/include' LDFLAGS=' -static-libstdc++ -static-libgcc  -L/dev/shm/build-loongarch64-linux-gnu-x86_64-gcc8-rc1.4-20240615/build-lib-host/root/usr/lib/../lib' CC_FOR_TARGET=: --build=x86_64-pc-linux-gnu --host=x86_64-linux-gnu --target=loongarch64-linux-gnu --prefix=/dev/shm/build-loongarch64-linux-gnu-x86_64-gcc8-rc1.4-20240615/build-canadian/root/usr --with-sysroot=/dev/shm/build-loongarch64-linux-gnu-x86_64-gcc8-rc1.4-20240615/build-canadian/root/usr/loongarch64-linux-gnu/sysroot --with-native-system-header-dir=/usr/include --with-gxx-include-dir=/dev/shm/build-loongarch64-linux-gnu-x86_64-gcc8-rc1.4-20240615/build-canadian/root/usr/loongarch64-linux-gnu/sysroot/usr/include/c++/8.3.0 --enable-languages=c,c++,fortran --with-build-sysroot= --disable-libstdcxx --disable-libgfortran --disable-libphobos --disable-libgomp --enable-libcc1 --enable-threads=posix --enable-__cxa_atexit --enable-initfini-array --disable-nls --disable-libmpx --disable-bootstrap --with-arch=loongarch64 --with-abi=lp64d --with-multilib-list=lp64d,lp64s --enable-checking=release --with-pkgversion='LoongArch GNU toolchain rc1.4 (20240615)'
Thread model: posix
gcc version 8.3.0 (LoongArch GNU toolchain rc1.4 (20240615)) 
COLLECT_GCC_OPTIONS='-O3' '-Wall' '-v' '-o' 'CMakeFiles/cmTC_eeb92.dir/CMakeCCompilerABI.c.o' '-c' '-mabi=lp64d' '-march=loongarch64' '-mfpu=64' '-msimd=none' '-mcmodel=normal' '-mtune=loongarch64'
 /opt/loongson-gnu-toolchain-8.3-x86_64-loongarch64-linux-gnu-rc1.4/bin/../libexec/gcc/loongarch64-linux-gnu/8.3.0/cc1 -quiet -v -imultilib . -iprefix /opt/loongson-gnu-toolchain-8.3-x86_64-loongarch64-linux-gnu-rc1.4/bin/../lib/gcc/loongarch64-linux-gnu/8.3.0/ -isysroot /opt/loongson-gnu-toolchain-8.3-x86_64-loongarch64-linux-gnu-rc1.4/bin/../loongarch64-linux-gnu/sysroot /usr/share/cmake-3.16/Modules/CMakeCCompilerABI.c -quiet -dumpbase CMakeCCompilerABI.c -mabi=lp64d -march=loongarch64 -mfpu=64 -msimd=none -mcmodel=normal -mtune=loongarch64 -auxbase-strip CMakeFiles/cmTC_eeb92.dir/CMakeCCompilerABI.c.o -O3 -Wall -version -o /tmp/cczAZEWu.s
GNU C17 (LoongArch GNU toolchain rc1.4 (20240615)) version 8.3.0 (loongarch64-linux-gnu)
	compiled by GNU C version 8.3.0, GMP version 6.1.0, MPFR version 3.1.4, MPC version 1.0.3, isl version isl-0.18-GMP

GGC heuristics: --param ggc-min-expand=100 --param ggc-min-heapsize=131072
ignoring duplicate directory "/opt/loongson-gnu-toolchain-8.3-x86_64-loongarch64-linux-gnu-rc1.4/lib/gcc/loongarch64-linux-gnu/8.3.0/include"
ignoring nonexistent directory "/opt/loongson-gnu-toolchain-8.3-x86_64-loongarch64-linux-gnu-rc1.4/bin/../loongarch64-linux-gnu/sysroot/usr/local/include"
ignoring duplicate directory "/opt/loongson-gnu-toolchain-8.3-x86_64-loongarch64-linux-gnu-rc1.4/lib/gcc/loongarch64-linux-gnu/8.3.0/include-fixed"
ignoring duplicate directory "/opt/loongson-gnu-toolchain-8.3-x86_64-loongarch64-linux-gnu-rc1.4/loongarch64-linux-gnu/include"
#include "..." search starts here:
#include <...> search starts here:
 /opt/loongson-gnu-toolchain-8.3-x86_64-loongarch64-linux-gnu-rc1.4/lib/gcc/loongarch64-linux-gnu/8.3.0/include
 /opt/loongson-gnu-toolchain-8.3-x86_64-loongarch64-linux-gnu-rc1.4/lib/gcc/loongarch64-linux-gnu/8.3.0/include-fixed
 /opt/loongson-gnu-toolchain-8.3-x86_64-loongarch64-linux-gnu-rc1.4/loongarch64-linux-gnu/include
 /opt/loongson-gnu-toolchain-8.3-x86_64-loongarch64-linux-gnu-rc1.4/loongarch64-linux-gnu/sysroot/usr/include
End of search list.
GNU C17 (LoongArch GNU toolchain rc1.4 (20240615)) version 8.3.0 (loongarch64-linux-gnu)
	compiled by GNU C version 8.3.0, GMP version 6.1.0, MPFR version 3.1.4, MPC version 1.0.3, isl version isl-0.18-GMP

GGC heuristics: --param ggc-min-expand=100 --param ggc-min-heapsize=131072
Compiler executable checksum: 39b4b3dacd97509fee778afcdb91dafa
COLLECT_GCC_OPTIONS='-O3' '-Wall' '-v' '-o' 'CMakeFiles/cmTC_eeb92.dir/CMakeCCompilerABI.c.o' '-c' '-mabi=lp64d' '-march=loongarch64' '-mfpu=64' '-msimd=none' '-mcmodel=normal' '-mtune=loongarch64'
 /opt/loongson-gnu-toolchain-8.3-x86_64-loongarch64-linux-gnu-rc1.4/bin/../lib/gcc/loongarch64-linux-gnu/8.3.0/../../../../loongarch64-linux-gnu/bin/as -v -mabi=lp64 -o CMakeFiles/cmTC_eeb92.dir/CMakeCCompilerABI.c.o /tmp/cczAZEWu.s
GNU assembler version 2.31.1 (loongarch64-linux-gnu) using BFD version (LoongArch GNU toolchain rc1.4 20240615) 2.31.1.20190122
COMPILER_PATH=/opt/loongson-gnu-toolchain-8.3-x86_64-loongarch64-linux-gnu-rc1.4/bin/../libexec/gcc/loongarch64-linux-gnu/8.3.0/:/opt/loongson-gnu-toolchain-8.3-x86_64-loongarch64-linux-gnu-rc1.4/bin/../libexec/gcc/:/opt/loongson-gnu-toolchain-8.3-x86_64-loongarch64-linux-gnu-rc1.4/bin/../lib/gcc/loongarch64-linux-gnu/8.3.0/../../../../loongarch64-linux-gnu/bin/
LIBRARY_PATH=/opt/loongson-gnu-toolchain-8.3-x86_64-loongarch64-linux-gnu-rc1.4/bin/../lib/gcc/loongarch64-linux-gnu/8.3.0/:/opt/loongson-gnu-toolchain-8.3-x86_64-loongarch64-linux-gnu-rc1.4/bin/../lib/gcc/:/opt/loongson-gnu-toolchain-8.3-x86_64-loongarch64-linux-gnu-rc1.4/bin/../loongarch64-linux-gnu/sysroot/lib/../lib64/:/opt/loongson-gnu-toolchain-8.3-x86_64-loongarch64-linux-gnu-rc1.4/bin/../loongarch64-linux-gnu/sysroot/usr/lib/../lib64/:/opt/loongson-gnu-toolchain-8.3-x86_64-loongarch64-linux-gnu-rc1.4/bin/../lib/gcc/loongarch64-linux-gnu/8.3.0/../../../../loongarch64-linux-gnu/lib/:/opt/loongson-gnu-toolchain-8.3-x86_64-loongarch64-linux-gnu-rc1.4/bin/../loongarch64-linux-gnu/sysroot/lib/:/opt/loongson-gnu-toolchain-8.3-x86_64-loongarch64-linux-gnu-rc1.4/bin/../loongarch64-linux-gnu/sysroot/usr/lib/
COLLECT_GCC_OPTIONS='-O3' '-Wall' '-v' '-o' 'CMakeFiles/cmTC_eeb92.dir/CMakeCCompilerABI.c.o' '-c' '-mabi=lp64d' '-march=loongarch64' '-mfpu=64' '-msimd=none' '-mcmodel=normal' '-mtune=loongarch64'
Linking C executable cmTC_eeb92
/usr/bin/cmake -E cmake_link_script CMakeFiles/cmTC_eeb92.dir/link.txt --verbose=1
/opt/loongson-gnu-toolchain-8.3-x86_64-loongarch64-linux-gnu-rc1.4/bin/loongarch64-linux-gnu-gcc  -O3 -Wall    -v CMakeFiles/cmTC_eeb92.dir/CMakeCCompilerABI.c.o  -o cmTC_eeb92 
Using built-in specs.
COLLECT_GCC=/opt/loongson-gnu-toolchain-8.3-x86_64-loongarch64-linux-gnu-rc1.4/bin/loongarch64-linux-gnu-gcc
COLLECT_LTO_WRAPPER=/opt/loongson-gnu-toolchain-8.3-x86_64-loongarch64-linux-gnu-rc1.4/bin/../libexec/gcc/loongarch64-linux-gnu/8.3.0/lto-wrapper
Target: loongarch64-linux-gnu
Configured with: /dev/shm/build-loongarch64-linux-gnu-x86_64-gcc8-rc1.4-20240615/src/gcc/configure CC='/dev/shm/build-loongarch64-linux-gnu-x86_64-gcc8-rc1.4-20240615/build-cross-host/root/usr/bin/x86_64-linux-gnu-gcc    -I/dev/shm/build-loongarch64-linux-gnu-x86_64-gcc8-rc1.4-20240615/build-lib-host/root/usr/include' CXX='/dev/shm/build-loongarch64-linux-gnu-x86_64-gcc8-rc1.4-20240615/build-cross-host/root/usr/bin/x86_64-linux-gnu-g++    -I/dev/shm/build-loongarch64-linux-gnu-x86_64-gcc8-rc1.4-20240615/build-lib-host/root/usr/include' LDFLAGS=' -static-libstdc++ -static-libgcc  -L/dev/shm/build-loongarch64-linux-gnu-x86_64-gcc8-rc1.4-20240615/build-lib-host/root/usr/lib/../lib' CC_FOR_TARGET=: --build=x86_64-pc-linux-gnu --host=x86_64-linux-gnu --target=loongarch64-linux-gnu --prefix=/dev/shm/build-loongarch64-linux-gnu-x86_64-gcc8-rc1.4-20240615/build-canadian/root/usr --with-sysroot=/dev/shm/build-loongarch64-linux-gnu-x86_64-gcc8-rc1.4-20240615/build-canadian/root/usr/loongarch64-linux-gnu/sysroot --with-native-system-header-dir=/usr/include --with-gxx-include-dir=/dev/shm/build-loongarch64-linux-gnu-x86_64-gcc8-rc1.4-20240615/build-canadian/root/usr/loongarch64-linux-gnu/sysroot/usr/include/c++/8.3.0 --enable-languages=c,c++,fortran --with-build-sysroot= --disable-libstdcxx --disable-libgfortran --disable-libphobos --disable-libgomp --enable-libcc1 --enable-threads=posix --enable-__cxa_atexit --enable-initfini-array --disable-nls --disable-libmpx --disable-bootstrap --with-arch=loongarch64 --with-abi=lp64d --with-multilib-list=lp64d,lp64s --enable-checking=release --with-pkgversion='LoongArch GNU toolchain rc1.4 (20240615)'
Thread model: posix
gcc version 8.3.0 (LoongArch GNU toolchain rc1.4 (20240615)) 
COMPILER_PATH=/opt/loongson-gnu-toolchain-8.3-x86_64-loongarch64-linux-gnu-rc1.4/bin/../libexec/gcc/loongarch64-linux-gnu/8.3.0/:/opt/loongson-gnu-toolchain-8.3-x86_64-loongarch64-linux-gnu-rc1.4/bin/../libexec/gcc/:/opt/loongson-gnu-toolchain-8.3-x86_64-loongarch64-linux-gnu-rc1.4/bin/../lib/gcc/loongarch64-linux-gnu/8.3.0/../../../../loongarch64-linux-gnu/bin/
LIBRARY_PATH=/opt/loongson-gnu-toolchain-8.3-x86_64-loongarch64-linux-gnu-rc1.4/bin/../lib/gcc/loongarch64-linux-gnu/8.3.0/:/opt/loongson-gnu-toolchain-8.3-x86_64-loongarch64-linux-gnu-rc1.4/bin/../lib/gcc/:/opt/loongson-gnu-toolchain-8.3-x86_64-loongarch64-linux-gnu-rc1.4/bin/../loongarch64-linux-gnu/sysroot/lib/../lib64/:/opt/loongson-gnu-toolchain-8.3-x86_64-loongarch64-linux-gnu-rc1.4/bin/../loongarch64-linux-gnu/sysroot/usr/lib/../lib64/:/opt/loongson-gnu-toolchain-8.3-x86_64-loongarch64-linux-gnu-rc1.4/bin/../lib/gcc/loongarch64-linux-gnu/8.3.0/../../../../loongarch64-linux-gnu/lib/:/opt/loongson-gnu-toolchain-8.3-x86_64-loongarch64-linux-gnu-rc1.4/bin/../loongarch64-linux-gnu/sysroot/lib/:/opt/loongson-gnu-toolchain-8.3-x86_64-loongarch64-linux-gnu-rc1.4/bin/../loongarch64-linux-gnu/sysroot/usr/lib/
COLLECT_GCC_OPTIONS='-O3' '-Wall' '-v' '-o' 'cmTC_eeb92' '-mabi=lp64d' '-march=loongarch64' '-mfpu=64' '-msimd=none' '-mcmodel=normal' '-mtune=loongarch64'
 /opt/loongson-gnu-toolchain-8.3-x86_64-loongarch64-linux-gnu-rc1.4/bin/../libexec/gcc/loongarch64-linux-gnu/8.3.0/collect2 -plugin /opt/loongson-gnu-toolchain-8.3-x86_64-loongarch64-linux-gnu-rc1.4/bin/../libexec/gcc/loongarch64-linux-gnu/8.3.0/liblto_plugin.so -plugin-opt=/opt/loongson-gnu-toolchain-8.3-x86_64-loongarch64-linux-gnu-rc1.4/bin/../libexec/gcc/loongarch64-linux-gnu/8.3.0/lto-wrapper -plugin-opt=-fresolution=/tmp/ccJY17x0.res -plugin-opt=-pass-through=-lgcc -plugin-opt=-pass-through=-lgcc_s -plugin-opt=-pass-through=-lc -plugin-opt=-pass-through=-lgcc -plugin-opt=-pass-through=-lgcc_s --sysroot=/opt/loongson-gnu-toolchain-8.3-x86_64-loongarch64-linux-gnu-rc1.4/bin/../loongarch64-linux-gnu/sysroot --eh-frame-hdr -m elf64loongarch -dynamic-linker /lib64/ld.so.1 -o cmTC_eeb92 /opt/loongson-gnu-toolchain-8.3-x86_64-loongarch64-linux-gnu-rc1.4/bin/../loongarch64-linux-gnu/sysroot/lib/../lib64/crt1.o /opt/loongson-gnu-toolchain-8.3-x86_64-loongarch64-linux-gnu-rc1.4/bin/../loongarch64-linux-gnu/sysroot/lib/../lib64/crti.o /opt/loongson-gnu-toolchain-8.3-x86_64-loongarch64-linux-gnu-rc1.4/bin/../lib/gcc/loongarch64-linux-gnu/8.3.0/crtbegin.o -L/opt/loongson-gnu-toolchain-8.3-x86_64-loongarch64-linux-gnu-rc1.4/bin/../lib/gcc/loongarch64-linux-gnu/8.3.0 -L/opt/loongson-gnu-toolchain-8.3-x86_64-loongarch64-linux-gnu-rc1.4/bin/../lib/gcc -L/opt/loongson-gnu-toolchain-8.3-x86_64-loongarch64-linux-gnu-rc1.4/bin/../loongarch64-linux-gnu/sysroot/lib/../lib64 -L/opt/loongson-gnu-toolchain-8.3-x86_64-loongarch64-linux-gnu-rc1.4/bin/../loongarch64-linux-gnu/sysroot/usr/lib/../lib64 -L/opt/loongson-gnu-toolchain-8.3-x86_64-loongarch64-linux-gnu-rc1.4/bin/../lib/gcc/loongarch64-linux-gnu/8.3.0/../../../../loongarch64-linux-gnu/lib -L/opt/loongson-gnu-toolchain-8.3-x86_64-loongarch64-linux-gnu-rc1.4/bin/../loongarch64-linux-gnu/sysroot/lib -L/opt/loongson-gnu-toolchain-8.3-x86_64-loongarch64-linux-gnu-rc1.4/bin/../loongarch64-linux-gnu/sysroot/usr/lib CMakeFiles/cmTC_eeb92.dir/CMakeCCompilerABI.c.o -lgcc --push-state --as-needed -lgcc_s --pop-state -lc -lgcc --push-state --as-needed -lgcc_s --pop-state /opt/loongson-gnu-toolchain-8.3-x86_64-loongarch64-linux-gnu-rc1.4/bin/../lib/gcc/loongarch64-linux-gnu/8.3.0/crtend.o /opt/loongson-gnu-toolchain-8.3-x86_64-loongarch64-linux-gnu-rc1.4/bin/../loongarch64-linux-gnu/sysroot/lib/../lib64/crtn.o
COLLECT_GCC_OPTIONS='-O3' '-Wall' '-v' '-o' 'cmTC_eeb92' '-mabi=lp64d' '-march=loongarch64' '-mfpu=64' '-msimd=none' '-mcmodel=normal' '-mtune=loongarch64'
make[1]: warning:  Clock skew detected.  Your build may be incomplete.
make[1]: Leaving directory '/mnt/hgfs/Temp/robot/Robot/build/CMakeFiles/CMakeTmp'
make: warning:  Clock skew detected.  Your build may be incomplete.



Parsed C implicit include dir info from above output: rv=done
  found start of include info
  found start of implicit include info
    add: [/opt/loongson-gnu-toolchain-8.3-x86_64-loongarch64-linux-gnu-rc1.4/lib/gcc/loongarch64-linux-gnu/8.3.0/include]
    add: [/opt/loongson-gnu-toolchain-8.3-x86_64-loongarch64-linux-gnu-rc1.4/lib/gcc/loongarch64-linux-gnu/8.3.0/include-fixed]
    add: [/opt/loongson-gnu-toolchain-8.3-x86_64-loongarch64-linux-gnu-rc1.4/loongarch64-linux-gnu/include]
    add: [/opt/loongson-gnu-toolchain-8.3-x86_64-loongarch64-linux-gnu-rc1.4/loongarch64-linux-gnu/sysroot/usr/include]
  end of search list found
  collapse include dir [/opt/loongson-gnu-toolchain-8.3-x86_64-loongarch64-linux-gnu-rc1.4/lib/gcc/loongarch64-linux-gnu/8.3.0/include] ==> [/opt/loongson-gnu-toolchain-8.3-x86_64-loongarch64-linux-gnu-rc1.4/lib/gcc/loongarch64-linux-gnu/8.3.0/include]
  collapse include dir [/opt/loongson-gnu-toolchain-8.3-x86_64-loongarch64-linux-gnu-rc1.4/lib/gcc/loongarch64-linux-gnu/8.3.0/include-fixed] ==> [/opt/loongson-gnu-toolchain-8.3-x86_64-loongarch64-linux-gnu-rc1.4/lib/gcc/loongarch64-linux-gnu/8.3.0/include-fixed]
  collapse include dir [/opt/loongson-gnu-toolchain-8.3-x86_64-loongarch64-linux-gnu-rc1.4/loongarch64-linux-gnu/include] ==> [/opt/loongson-gnu-toolchain-8.3-x86_64-loongarch64-linux-gnu-rc1.4/loongarch64-linux-gnu/include]
  collapse include dir [/opt/loongson-gnu-toolchain-8.3-x86_64-loongarch64-linux-gnu-rc1.4/loongarch64-linux-gnu/sysroot/usr/include] ==> [/opt/loongson-gnu-toolchain-8.3-x86_64-loongarch64-linux-gnu-rc1.4/loongarch64-linux-gnu/sysroot/usr/include]
  implicit include dirs: [/opt/loongson-gnu-toolchain-8.3-x86_64-loongarch64-linux-gnu-rc1.4/lib/gcc/loongarch64-linux-gnu/8.3.0/include;/opt/loongson-gnu-toolchain-8.3-x86_64-loongarch64-linux-gnu-rc1.4/lib/gcc/loongarch64-linux-gnu/8.3.0/include-fixed;/opt/loongson-gnu-toolchain-8.3-x86_64-loongarch64-linux-gnu-rc1.4/loongarch64-linux-gnu/include;/opt/loongson-gnu-toolchain-8.3-x86_64-loongarch64-linux-gnu-rc1.4/loongarch64-linux-gnu/sysroot/usr/include]


Parsed C implicit link information from above output:
  link line regex: [^( *|.*[/\])(loongarch64-linux-gnu-ld|CMAKE_LINK_STARTFILE-NOTFOUND|([^/\]+-)?ld|collect2)[^/\]*( |$)]
  ignore line: [Change Dir: /home/benben/桌面/Temp/robot/Robot/build/CMakeFiles/CMakeTmp]
  ignore line: []
  ignore line: [Run Build Command(s):/usr/bin/make cmTC_eeb92/fast && make: Warning: File 'Makefile' has modification time 0.68 s in the future]
  ignore line: [/usr/bin/make -f CMakeFiles/cmTC_eeb92.dir/build.make CMakeFiles/cmTC_eeb92.dir/build]
  ignore line: [make[1]: Entering directory '/mnt/hgfs/Temp/robot/Robot/build/CMakeFiles/CMakeTmp']
  ignore line: [make[1]: Warning: File 'CMakeFiles/cmTC_eeb92.dir/flags.make' has modification time 0.67 s in the future]
  ignore line: [Building C object CMakeFiles/cmTC_eeb92.dir/CMakeCCompilerABI.c.o]
  ignore line: [/opt/loongson-gnu-toolchain-8.3-x86_64-loongarch64-linux-gnu-rc1.4/bin/loongarch64-linux-gnu-gcc   -O3 -Wall    -v -o CMakeFiles/cmTC_eeb92.dir/CMakeCCompilerABI.c.o   -c /usr/share/cmake-3.16/Modules/CMakeCCompilerABI.c]
  ignore line: [Using built-in specs.]
  ignore line: [COLLECT_GCC=/opt/loongson-gnu-toolchain-8.3-x86_64-loongarch64-linux-gnu-rc1.4/bin/loongarch64-linux-gnu-gcc]
  ignore line: [Target: loongarch64-linux-gnu]
  ignore line: [Configured with: /dev/shm/build-loongarch64-linux-gnu-x86_64-gcc8-rc1.4-20240615/src/gcc/configure CC='/dev/shm/build-loongarch64-linux-gnu-x86_64-gcc8-rc1.4-20240615/build-cross-host/root/usr/bin/x86_64-linux-gnu-gcc    -I/dev/shm/build-loongarch64-linux-gnu-x86_64-gcc8-rc1.4-20240615/build-lib-host/root/usr/include' CXX='/dev/shm/build-loongarch64-linux-gnu-x86_64-gcc8-rc1.4-20240615/build-cross-host/root/usr/bin/x86_64-linux-gnu-g++    -I/dev/shm/build-loongarch64-linux-gnu-x86_64-gcc8-rc1.4-20240615/build-lib-host/root/usr/include' LDFLAGS=' -static-libstdc++ -static-libgcc  -L/dev/shm/build-loongarch64-linux-gnu-x86_64-gcc8-rc1.4-20240615/build-lib-host/root/usr/lib/../lib' CC_FOR_TARGET=: --build=x86_64-pc-linux-gnu --host=x86_64-linux-gnu --target=loongarch64-linux-gnu --prefix=/dev/shm/build-loongarch64-linux-gnu-x86_64-gcc8-rc1.4-20240615/build-canadian/root/usr --with-sysroot=/dev/shm/build-loongarch64-linux-gnu-x86_64-gcc8-rc1.4-20240615/build-canadian/root/usr/loongarch64-linux-gnu/sysroot --with-native-system-header-dir=/usr/include --with-gxx-include-dir=/dev/shm/build-loongarch64-linux-gnu-x86_64-gcc8-rc1.4-20240615/build-canadian/root/usr/loongarch64-linux-gnu/sysroot/usr/include/c++/8.3.0 --enable-languages=c c++ fortran --with-build-sysroot= --disable-libstdcxx --disable-libgfortran --disable-libphobos --disable-libgomp --enable-libcc1 --enable-threads=posix --enable-__cxa_atexit --enable-initfini-array --disable-nls --disable-libmpx --disable-bootstrap --with-arch=loongarch64 --with-abi=lp64d --with-multilib-list=lp64d lp64s --enable-checking=release --with-pkgversion='LoongArch GNU toolchain rc1.4 (20240615)']
  ignore line: [Thread model: posix]
  ignore line: [gcc version 8.3.0 (LoongArch GNU toolchain rc1.4 (20240615)) ]
  ignore line: [COLLECT_GCC_OPTIONS='-O3' '-Wall' '-v' '-o' 'CMakeFiles/cmTC_eeb92.dir/CMakeCCompilerABI.c.o' '-c' '-mabi=lp64d' '-march=loongarch64' '-mfpu=64' '-msimd=none' '-mcmodel=normal' '-mtune=loongarch64']
  ignore line: [ /opt/loongson-gnu-toolchain-8.3-x86_64-loongarch64-linux-gnu-rc1.4/bin/../libexec/gcc/loongarch64-linux-gnu/8.3.0/cc1 -quiet -v -imultilib . -iprefix /opt/loongson-gnu-toolchain-8.3-x86_64-loongarch64-linux-gnu-rc1.4/bin/../lib/gcc/loongarch64-linux-gnu/8.3.0/ -isysroot /opt/loongson-gnu-toolchain-8.3-x86_64-loongarch64-linux-gnu-rc1.4/bin/../loongarch64-linux-gnu/sysroot /usr/share/cmake-3.16/Modules/CMakeCCompilerABI.c -quiet -dumpbase CMakeCCompilerABI.c -mabi=lp64d -march=loongarch64 -mfpu=64 -msimd=none -mcmodel=normal -mtune=loongarch64 -auxbase-strip CMakeFiles/cmTC_eeb92.dir/CMakeCCompilerABI.c.o -O3 -Wall -version -o /tmp/cczAZEWu.s]
  ignore line: [GNU C17 (LoongArch GNU toolchain rc1.4 (20240615)) version 8.3.0 (loongarch64-linux-gnu)]
  ignore line: [	compiled by GNU C version 8.3.0  GMP version 6.1.0  MPFR version 3.1.4  MPC version 1.0.3  isl version isl-0.18-GMP]
  ignore line: []
  ignore line: [GGC heuristics: --param ggc-min-expand=100 --param ggc-min-heapsize=131072]
  ignore line: [ignoring duplicate directory "/opt/loongson-gnu-toolchain-8.3-x86_64-loongarch64-linux-gnu-rc1.4/lib/gcc/loongarch64-linux-gnu/8.3.0/include"]
  ignore line: [ignoring nonexistent directory "/opt/loongson-gnu-toolchain-8.3-x86_64-loongarch64-linux-gnu-rc1.4/bin/../loongarch64-linux-gnu/sysroot/usr/local/include"]
  ignore line: [ignoring duplicate directory "/opt/loongson-gnu-toolchain-8.3-x86_64-loongarch64-linux-gnu-rc1.4/lib/gcc/loongarch64-linux-gnu/8.3.0/include-fixed"]
  ignore line: [ignoring duplicate directory "/opt/loongson-gnu-toolchain-8.3-x86_64-loongarch64-linux-gnu-rc1.4/loongarch64-linux-gnu/include"]
  ignore line: [#include "..." search starts here:]
  ignore line: [#include <...> search starts here:]
  ignore line: [ /opt/loongson-gnu-toolchain-8.3-x86_64-loongarch64-linux-gnu-rc1.4/lib/gcc/loongarch64-linux-gnu/8.3.0/include]
  ignore line: [ /opt/loongson-gnu-toolchain-8.3-x86_64-loongarch64-linux-gnu-rc1.4/lib/gcc/loongarch64-linux-gnu/8.3.0/include-fixed]
  ignore line: [ /opt/loongson-gnu-toolchain-8.3-x86_64-loongarch64-linux-gnu-rc1.4/loongarch64-linux-gnu/include]
  ignore line: [ /opt/loongson-gnu-toolchain-8.3-x86_64-loongarch64-linux-gnu-rc1.4/loongarch64-linux-gnu/sysroot/usr/include]
  ignore line: [End of search list.]
  ignore line: [GNU C17 (LoongArch GNU toolchain rc1.4 (20240615)) version 8.3.0 (loongarch64-linux-gnu)]
  ignore line: [	compiled by GNU C version 8.3.0  GMP version 6.1.0  MPFR version 3.1.4  MPC version 1.0.3  isl version isl-0.18-GMP]
  ignore line: []
  ignore line: [GGC heuristics: --param ggc-min-expand=100 --param ggc-min-heapsize=131072]
  ignore line: [Compiler executable checksum: 39b4b3dacd97509fee778afcdb91dafa]
  ignore line: [COLLECT_GCC_OPTIONS='-O3' '-Wall' '-v' '-o' 'CMakeFiles/cmTC_eeb92.dir/CMakeCCompilerABI.c.o' '-c' '-mabi=lp64d' '-march=loongarch64' '-mfpu=64' '-msimd=none' '-mcmodel=normal' '-mtune=loongarch64']
  ignore line: [ /opt/loongson-gnu-toolchain-8.3-x86_64-loongarch64-linux-gnu-rc1.4/bin/../lib/gcc/loongarch64-linux-gnu/8.3.0/../../../../loongarch64-linux-gnu/bin/as -v -mabi=lp64 -o CMakeFiles/cmTC_eeb92.dir/CMakeCCompilerABI.c.o /tmp/cczAZEWu.s]
  ignore line: [GNU assembler version 2.31.1 (loongarch64-linux-gnu) using BFD version (LoongArch GNU toolchain rc1.4 20240615) 2.31.1.20190122]
  ignore line: [COMPILER_PATH=/opt/loongson-gnu-toolchain-8.3-x86_64-loongarch64-linux-gnu-rc1.4/bin/../libexec/gcc/loongarch64-linux-gnu/8.3.0/:/opt/loongson-gnu-toolchain-8.3-x86_64-loongarch64-linux-gnu-rc1.4/bin/../libexec/gcc/:/opt/loongson-gnu-toolchain-8.3-x86_64-loongarch64-linux-gnu-rc1.4/bin/../lib/gcc/loongarch64-linux-gnu/8.3.0/../../../../loongarch64-linux-gnu/bin/]
  ignore line: [LIBRARY_PATH=/opt/loongson-gnu-toolchain-8.3-x86_64-loongarch64-linux-gnu-rc1.4/bin/../lib/gcc/loongarch64-linux-gnu/8.3.0/:/opt/loongson-gnu-toolchain-8.3-x86_64-loongarch64-linux-gnu-rc1.4/bin/../lib/gcc/:/opt/loongson-gnu-toolchain-8.3-x86_64-loongarch64-linux-gnu-rc1.4/bin/../loongarch64-linux-gnu/sysroot/lib/../lib64/:/opt/loongson-gnu-toolchain-8.3-x86_64-loongarch64-linux-gnu-rc1.4/bin/../loongarch64-linux-gnu/sysroot/usr/lib/../lib64/:/opt/loongson-gnu-toolchain-8.3-x86_64-loongarch64-linux-gnu-rc1.4/bin/../lib/gcc/loongarch64-linux-gnu/8.3.0/../../../../loongarch64-linux-gnu/lib/:/opt/loongson-gnu-toolchain-8.3-x86_64-loongarch64-linux-gnu-rc1.4/bin/../loongarch64-linux-gnu/sysroot/lib/:/opt/loongson-gnu-toolchain-8.3-x86_64-loongarch64-linux-gnu-rc1.4/bin/../loongarch64-linux-gnu/sysroot/usr/lib/]
  ignore line: [COLLECT_GCC_OPTIONS='-O3' '-Wall' '-v' '-o' 'CMakeFiles/cmTC_eeb92.dir/CMakeCCompilerABI.c.o' '-c' '-mabi=lp64d' '-march=loongarch64' '-mfpu=64' '-msimd=none' '-mcmodel=normal' '-mtune=loongarch64']
  ignore line: [Linking C executable cmTC_eeb92]
  ignore line: [/usr/bin/cmake -E cmake_link_script CMakeFiles/cmTC_eeb92.dir/link.txt --verbose=1]
  ignore line: [/opt/loongson-gnu-toolchain-8.3-x86_64-loongarch64-linux-gnu-rc1.4/bin/loongarch64-linux-gnu-gcc  -O3 -Wall    -v CMakeFiles/cmTC_eeb92.dir/CMakeCCompilerABI.c.o  -o cmTC_eeb92 ]
  ignore line: [Using built-in specs.]
  ignore line: [COLLECT_GCC=/opt/loongson-gnu-toolchain-8.3-x86_64-loongarch64-linux-gnu-rc1.4/bin/loongarch64-linux-gnu-gcc]
  ignore line: [COLLECT_LTO_WRAPPER=/opt/loongson-gnu-toolchain-8.3-x86_64-loongarch64-linux-gnu-rc1.4/bin/../libexec/gcc/loongarch64-linux-gnu/8.3.0/lto-wrapper]
  ignore line: [Target: loongarch64-linux-gnu]
  ignore line: [Configured with: /dev/shm/build-loongarch64-linux-gnu-x86_64-gcc8-rc1.4-20240615/src/gcc/configure CC='/dev/shm/build-loongarch64-linux-gnu-x86_64-gcc8-rc1.4-20240615/build-cross-host/root/usr/bin/x86_64-linux-gnu-gcc    -I/dev/shm/build-loongarch64-linux-gnu-x86_64-gcc8-rc1.4-20240615/build-lib-host/root/usr/include' CXX='/dev/shm/build-loongarch64-linux-gnu-x86_64-gcc8-rc1.4-20240615/build-cross-host/root/usr/bin/x86_64-linux-gnu-g++    -I/dev/shm/build-loongarch64-linux-gnu-x86_64-gcc8-rc1.4-20240615/build-lib-host/root/usr/include' LDFLAGS=' -static-libstdc++ -static-libgcc  -L/dev/shm/build-loongarch64-linux-gnu-x86_64-gcc8-rc1.4-20240615/build-lib-host/root/usr/lib/../lib' CC_FOR_TARGET=: --build=x86_64-pc-linux-gnu --host=x86_64-linux-gnu --target=loongarch64-linux-gnu --prefix=/dev/shm/build-loongarch64-linux-gnu-x86_64-gcc8-rc1.4-20240615/build-canadian/root/usr --with-sysroot=/dev/shm/build-loongarch64-linux-gnu-x86_64-gcc8-rc1.4-20240615/build-canadian/root/usr/loongarch64-linux-gnu/sysroot --with-native-system-header-dir=/usr/include --with-gxx-include-dir=/dev/shm/build-loongarch64-linux-gnu-x86_64-gcc8-rc1.4-20240615/build-canadian/root/usr/loongarch64-linux-gnu/sysroot/usr/include/c++/8.3.0 --enable-languages=c c++ fortran --with-build-sysroot= --disable-libstdcxx --disable-libgfortran --disable-libphobos --disable-libgomp --enable-libcc1 --enable-threads=posix --enable-__cxa_atexit --enable-initfini-array --disable-nls --disable-libmpx --disable-bootstrap --with-arch=loongarch64 --with-abi=lp64d --with-multilib-list=lp64d lp64s --enable-checking=release --with-pkgversion='LoongArch GNU toolchain rc1.4 (20240615)']
  ignore line: [Thread model: posix]
  ignore line: [gcc version 8.3.0 (LoongArch GNU toolchain rc1.4 (20240615)) ]
  ignore line: [COMPILER_PATH=/opt/loongson-gnu-toolchain-8.3-x86_64-loongarch64-linux-gnu-rc1.4/bin/../libexec/gcc/loongarch64-linux-gnu/8.3.0/:/opt/loongson-gnu-toolchain-8.3-x86_64-loongarch64-linux-gnu-rc1.4/bin/../libexec/gcc/:/opt/loongson-gnu-toolchain-8.3-x86_64-loongarch64-linux-gnu-rc1.4/bin/../lib/gcc/loongarch64-linux-gnu/8.3.0/../../../../loongarch64-linux-gnu/bin/]
  ignore line: [LIBRARY_PATH=/opt/loongson-gnu-toolchain-8.3-x86_64-loongarch64-linux-gnu-rc1.4/bin/../lib/gcc/loongarch64-linux-gnu/8.3.0/:/opt/loongson-gnu-toolchain-8.3-x86_64-loongarch64-linux-gnu-rc1.4/bin/../lib/gcc/:/opt/loongson-gnu-toolchain-8.3-x86_64-loongarch64-linux-gnu-rc1.4/bin/../loongarch64-linux-gnu/sysroot/lib/../lib64/:/opt/loongson-gnu-toolchain-8.3-x86_64-loongarch64-linux-gnu-rc1.4/bin/../loongarch64-linux-gnu/sysroot/usr/lib/../lib64/:/opt/loongson-gnu-toolchain-8.3-x86_64-loongarch64-linux-gnu-rc1.4/bin/../lib/gcc/loongarch64-linux-gnu/8.3.0/../../../../loongarch64-linux-gnu/lib/:/opt/loongson-gnu-toolchain-8.3-x86_64-loongarch64-linux-gnu-rc1.4/bin/../loongarch64-linux-gnu/sysroot/lib/:/opt/loongson-gnu-toolchain-8.3-x86_64-loongarch64-linux-gnu-rc1.4/bin/../loongarch64-linux-gnu/sysroot/usr/lib/]
  ignore line: [COLLECT_GCC_OPTIONS='-O3' '-Wall' '-v' '-o' 'cmTC_eeb92' '-mabi=lp64d' '-march=loongarch64' '-mfpu=64' '-msimd=none' '-mcmodel=normal' '-mtune=loongarch64']
  link line: [ /opt/loongson-gnu-toolchain-8.3-x86_64-loongarch64-linux-gnu-rc1.4/bin/../libexec/gcc/loongarch64-linux-gnu/8.3.0/collect2 -plugin /opt/loongson-gnu-toolchain-8.3-x86_64-loongarch64-linux-gnu-rc1.4/bin/../libexec/gcc/loongarch64-linux-gnu/8.3.0/liblto_plugin.so -plugin-opt=/opt/loongson-gnu-toolchain-8.3-x86_64-loongarch64-linux-gnu-rc1.4/bin/../libexec/gcc/loongarch64-linux-gnu/8.3.0/lto-wrapper -plugin-opt=-fresolution=/tmp/ccJY17x0.res -plugin-opt=-pass-through=-lgcc -plugin-opt=-pass-through=-lgcc_s -plugin-opt=-pass-through=-lc -plugin-opt=-pass-through=-lgcc -plugin-opt=-pass-through=-lgcc_s --sysroot=/opt/loongson-gnu-toolchain-8.3-x86_64-loongarch64-linux-gnu-rc1.4/bin/../loongarch64-linux-gnu/sysroot --eh-frame-hdr -m elf64loongarch -dynamic-linker /lib64/ld.so.1 -o cmTC_eeb92 /opt/loongson-gnu-toolchain-8.3-x86_64-loongarch64-linux-gnu-rc1.4/bin/../loongarch64-linux-gnu/sysroot/lib/../lib64/crt1.o /opt/loongson-gnu-toolchain-8.3-x86_64-loongarch64-linux-gnu-rc1.4/bin/../loongarch64-linux-gnu/sysroot/lib/../lib64/crti.o /opt/loongson-gnu-toolchain-8.3-x86_64-loongarch64-linux-gnu-rc1.4/bin/../lib/gcc/loongarch64-linux-gnu/8.3.0/crtbegin.o -L/opt/loongson-gnu-toolchain-8.3-x86_64-loongarch64-linux-gnu-rc1.4/bin/../lib/gcc/loongarch64-linux-gnu/8.3.0 -L/opt/loongson-gnu-toolchain-8.3-x86_64-loongarch64-linux-gnu-rc1.4/bin/../lib/gcc -L/opt/loongson-gnu-toolchain-8.3-x86_64-loongarch64-linux-gnu-rc1.4/bin/../loongarch64-linux-gnu/sysroot/lib/../lib64 -L/opt/loongson-gnu-toolchain-8.3-x86_64-loongarch64-linux-gnu-rc1.4/bin/../loongarch64-linux-gnu/sysroot/usr/lib/../lib64 -L/opt/loongson-gnu-toolchain-8.3-x86_64-loongarch64-linux-gnu-rc1.4/bin/../lib/gcc/loongarch64-linux-gnu/8.3.0/../../../../loongarch64-linux-gnu/lib -L/opt/loongson-gnu-toolchain-8.3-x86_64-loongarch64-linux-gnu-rc1.4/bin/../loongarch64-linux-gnu/sysroot/lib -L/opt/loongson-gnu-toolchain-8.3-x86_64-loongarch64-linux-gnu-rc1.4/bin/../loongarch64-linux-gnu/sysroot/usr/lib CMakeFiles/cmTC_eeb92.dir/CMakeCCompilerABI.c.o -lgcc --push-state --as-needed -lgcc_s --pop-state -lc -lgcc --push-state --as-needed -lgcc_s --pop-state /opt/loongson-gnu-toolchain-8.3-x86_64-loongarch64-linux-gnu-rc1.4/bin/../lib/gcc/loongarch64-linux-gnu/8.3.0/crtend.o /opt/loongson-gnu-toolchain-8.3-x86_64-loongarch64-linux-gnu-rc1.4/bin/../loongarch64-linux-gnu/sysroot/lib/../lib64/crtn.o]
    arg [/opt/loongson-gnu-toolchain-8.3-x86_64-loongarch64-linux-gnu-rc1.4/bin/../libexec/gcc/loongarch64-linux-gnu/8.3.0/collect2] ==> ignore
    arg [-plugin] ==> ignore
    arg [/opt/loongson-gnu-toolchain-8.3-x86_64-loongarch64-linux-gnu-rc1.4/bin/../libexec/gcc/loongarch64-linux-gnu/8.3.0/liblto_plugin.so] ==> ignore
    arg [-plugin-opt=/opt/loongson-gnu-toolchain-8.3-x86_64-loongarch64-linux-gnu-rc1.4/bin/../libexec/gcc/loongarch64-linux-gnu/8.3.0/lto-wrapper] ==> ignore
    arg [-plugin-opt=-fresolution=/tmp/ccJY17x0.res] ==> ignore
    arg [-plugin-opt=-pass-through=-lgcc] ==> ignore
    arg [-plugin-opt=-pass-through=-lgcc_s] ==> ignore
    arg [-plugin-opt=-pass-through=-lc] ==> ignore
    arg [-plugin-opt=-pass-through=-lgcc] ==> ignore
    arg [-plugin-opt=-pass-through=-lgcc_s] ==> ignore
    arg [--sysroot=/opt/loongson-gnu-toolchain-8.3-x86_64-loongarch64-linux-gnu-rc1.4/bin/../loongarch64-linux-gnu/sysroot] ==> ignore
    arg [--eh-frame-hdr] ==> ignore
    arg [-m] ==> ignore
    arg [elf64loongarch] ==> ignore
    arg [-dynamic-linker] ==> ignore
    arg [/lib64/ld.so.1] ==> ignore
    arg [-o] ==> ignore
    arg [cmTC_eeb92] ==> ignore
    arg [/opt/loongson-gnu-toolchain-8.3-x86_64-loongarch64-linux-gnu-rc1.4/bin/../loongarch64-linux-gnu/sysroot/lib/../lib64/crt1.o] ==> ignore
    arg [/opt/loongson-gnu-toolchain-8.3-x86_64-loongarch64-linux-gnu-rc1.4/bin/../loongarch64-linux-gnu/sysroot/lib/../lib64/crti.o] ==> ignore
    arg [/opt/loongson-gnu-toolchain-8.3-x86_64-loongarch64-linux-gnu-rc1.4/bin/../lib/gcc/loongarch64-linux-gnu/8.3.0/crtbegin.o] ==> ignore
    arg [-L/opt/loongson-gnu-toolchain-8.3-x86_64-loongarch64-linux-gnu-rc1.4/bin/../lib/gcc/loongarch64-linux-gnu/8.3.0] ==> dir [/opt/loongson-gnu-toolchain-8.3-x86_64-loongarch64-linux-gnu-rc1.4/bin/../lib/gcc/loongarch64-linux-gnu/8.3.0]
    arg [-L/opt/loongson-gnu-toolchain-8.3-x86_64-loongarch64-linux-gnu-rc1.4/bin/../lib/gcc] ==> dir [/opt/loongson-gnu-toolchain-8.3-x86_64-loongarch64-linux-gnu-rc1.4/bin/../lib/gcc]
    arg [-L/opt/loongson-gnu-toolchain-8.3-x86_64-loongarch64-linux-gnu-rc1.4/bin/../loongarch64-linux-gnu/sysroot/lib/../lib64] ==> dir [/opt/loongson-gnu-toolchain-8.3-x86_64-loongarch64-linux-gnu-rc1.4/bin/../loongarch64-linux-gnu/sysroot/lib/../lib64]
    arg [-L/opt/loongson-gnu-toolchain-8.3-x86_64-loongarch64-linux-gnu-rc1.4/bin/../loongarch64-linux-gnu/sysroot/usr/lib/../lib64] ==> dir [/opt/loongson-gnu-toolchain-8.3-x86_64-loongarch64-linux-gnu-rc1.4/bin/../loongarch64-linux-gnu/sysroot/usr/lib/../lib64]
    arg [-L/opt/loongson-gnu-toolchain-8.3-x86_64-loongarch64-linux-gnu-rc1.4/bin/../lib/gcc/loongarch64-linux-gnu/8.3.0/../../../../loongarch64-linux-gnu/lib] ==> dir [/opt/loongson-gnu-toolchain-8.3-x86_64-loongarch64-linux-gnu-rc1.4/bin/../lib/gcc/loongarch64-linux-gnu/8.3.0/../../../../loongarch64-linux-gnu/lib]
    arg [-L/opt/loongson-gnu-toolchain-8.3-x86_64-loongarch64-linux-gnu-rc1.4/bin/../loongarch64-linux-gnu/sysroot/lib] ==> dir [/opt/loongson-gnu-toolchain-8.3-x86_64-loongarch64-linux-gnu-rc1.4/bin/../loongarch64-linux-gnu/sysroot/lib]
    arg [-L/opt/loongson-gnu-toolchain-8.3-x86_64-loongarch64-linux-gnu-rc1.4/bin/../loongarch64-linux-gnu/sysroot/usr/lib] ==> dir [/opt/loongson-gnu-toolchain-8.3-x86_64-loongarch64-linux-gnu-rc1.4/bin/../loongarch64-linux-gnu/sysroot/usr/lib]
    arg [CMakeFiles/cmTC_eeb92.dir/CMakeCCompilerABI.c.o] ==> ignore
    arg [-lgcc] ==> lib [gcc]
    arg [--push-state] ==> ignore
    arg [--as-needed] ==> ignore
    arg [-lgcc_s] ==> lib [gcc_s]
    arg [--pop-state] ==> ignore
    arg [-lc] ==> lib [c]
    arg [-lgcc] ==> lib [gcc]
    arg [--push-state] ==> ignore
    arg [--as-needed] ==> ignore
    arg [-lgcc_s] ==> lib [gcc_s]
    arg [--pop-state] ==> ignore
    arg [/opt/loongson-gnu-toolchain-8.3-x86_64-loongarch64-linux-gnu-rc1.4/bin/../lib/gcc/loongarch64-linux-gnu/8.3.0/crtend.o] ==> ignore
    arg [/opt/loongson-gnu-toolchain-8.3-x86_64-loongarch64-linux-gnu-rc1.4/bin/../loongarch64-linux-gnu/sysroot/lib/../lib64/crtn.o] ==> ignore
  collapse library dir [/opt/loongson-gnu-toolchain-8.3-x86_64-loongarch64-linux-gnu-rc1.4/bin/../lib/gcc/loongarch64-linux-gnu/8.3.0] ==> [/opt/loongson-gnu-toolchain-8.3-x86_64-loongarch64-linux-gnu-rc1.4/lib/gcc/loongarch64-linux-gnu/8.3.0]
  collapse library dir [/opt/loongson-gnu-toolchain-8.3-x86_64-loongarch64-linux-gnu-rc1.4/bin/../lib/gcc] ==> [/opt/loongson-gnu-toolchain-8.3-x86_64-loongarch64-linux-gnu-rc1.4/lib/gcc]
  collapse library dir [/opt/loongson-gnu-toolchain-8.3-x86_64-loongarch64-linux-gnu-rc1.4/bin/../loongarch64-linux-gnu/sysroot/lib/../lib64] ==> [/opt/loongson-gnu-toolchain-8.3-x86_64-loongarch64-linux-gnu-rc1.4/loongarch64-linux-gnu/sysroot/lib64]
  collapse library dir [/opt/loongson-gnu-toolchain-8.3-x86_64-loongarch64-linux-gnu-rc1.4/bin/../loongarch64-linux-gnu/sysroot/usr/lib/../lib64] ==> [/opt/loongson-gnu-toolchain-8.3-x86_64-loongarch64-linux-gnu-rc1.4/loongarch64-linux-gnu/sysroot/usr/lib64]
  collapse library dir [/opt/loongson-gnu-toolchain-8.3-x86_64-loongarch64-linux-gnu-rc1.4/bin/../lib/gcc/loongarch64-linux-gnu/8.3.0/../../../../loongarch64-linux-gnu/lib] ==> [/opt/loongson-gnu-toolchain-8.3-x86_64-loongarch64-linux-gnu-rc1.4/loongarch64-linux-gnu/lib]
  collapse library dir [/opt/loongson-gnu-toolchain-8.3-x86_64-loongarch64-linux-gnu-rc1.4/bin/../loongarch64-linux-gnu/sysroot/lib] ==> [/opt/loongson-gnu-toolchain-8.3-x86_64-loongarch64-linux-gnu-rc1.4/loongarch64-linux-gnu/sysroot/lib]
  collapse library dir [/opt/loongson-gnu-toolchain-8.3-x86_64-loongarch64-linux-gnu-rc1.4/bin/../loongarch64-linux-gnu/sysroot/usr/lib] ==> [/opt/loongson-gnu-toolchain-8.3-x86_64-loongarch64-linux-gnu-rc1.4/loongarch64-linux-gnu/sysroot/usr/lib]
  implicit libs: [gcc;gcc_s;c;gcc;gcc_s]
  implicit dirs: [/opt/loongson-gnu-toolchain-8.3-x86_64-loongarch64-linux-gnu-rc1.4/lib/gcc/loongarch64-linux-gnu/8.3.0;/opt/loongson-gnu-toolchain-8.3-x86_64-loongarch64-linux-gnu-rc1.4/lib/gcc;/opt/loongson-gnu-toolchain-8.3-x86_64-loongarch64-linux-gnu-rc1.4/loongarch64-linux-gnu/sysroot/lib64;/opt/loongson-gnu-toolchain-8.3-x86_64-loongarch64-linux-gnu-rc1.4/loongarch64-linux-gnu/sysroot/usr/lib64;/opt/loongson-gnu-toolchain-8.3-x86_64-loongarch64-linux-gnu-rc1.4/loongarch64-linux-gnu/lib;/opt/loongson-gnu-toolchain-8.3-x86_64-loongarch64-linux-gnu-rc1.4/loongarch64-linux-gnu/sysroot/lib;/opt/loongson-gnu-toolchain-8.3-x86_64-loongarch64-linux-gnu-rc1.4/loongarch64-linux-gnu/sysroot/usr/lib]
  implicit fwks: []


Determining if the CXX compiler works passed with the following output:
Change Dir: /home/benben/桌面/Temp/robot/Robot/build/CMakeFiles/CMakeTmp

Run Build Command(s):/usr/bin/make cmTC_b0fa4/fast && make: 警告：文件“Makefile”的修改时间在未来 0.23 秒后
/usr/bin/make -f CMakeFiles/cmTC_b0fa4.dir/build.make CMakeFiles/cmTC_b0fa4.dir/build
make[1]: 进入目录“/mnt/hgfs/Temp/robot/Robot/build/CMakeFiles/CMakeTmp”
make[1]: 警告：文件“CMakeFiles/cmTC_b0fa4.dir/flags.make”的修改时间在未来 0.22 秒后
Building CXX object CMakeFiles/cmTC_b0fa4.dir/testCXXCompiler.cxx.o
/opt/loongson-gnu-toolchain-8.3-x86_64-loongarch64-linux-gnu-rc1.4/bin/loongarch64-linux-gnu-g++    -O3 -pthread -Wall    -o CMakeFiles/cmTC_b0fa4.dir/testCXXCompiler.cxx.o -c /home/benben/桌面/Temp/robot/Robot/build/CMakeFiles/CMakeTmp/testCXXCompiler.cxx
Linking CXX executable cmTC_b0fa4
/usr/bin/cmake -E cmake_link_script CMakeFiles/cmTC_b0fa4.dir/link.txt --verbose=1
/opt/loongson-gnu-toolchain-8.3-x86_64-loongarch64-linux-gnu-rc1.4/bin/loongarch64-linux-gnu-g++   -O3 -pthread -Wall     CMakeFiles/cmTC_b0fa4.dir/testCXXCompiler.cxx.o  -o cmTC_b0fa4 
make[1]: 警告：检测到时钟错误。您的构建版本可能是不完整的。
make[1]: 离开目录“/mnt/hgfs/Temp/robot/Robot/build/CMakeFiles/CMakeTmp”
make: 警告：检测到时钟错误。您的构建版本可能是不完整的。



Detecting CXX compiler ABI info compiled with the following output:
Change Dir: /home/benben/桌面/Temp/robot/Robot/build/CMakeFiles/CMakeTmp

Run Build Command(s):/usr/bin/make cmTC_b414c/fast && make: Warning: File 'Makefile' has modification time 0.77 s in the future
/usr/bin/make -f CMakeFiles/cmTC_b414c.dir/build.make CMakeFiles/cmTC_b414c.dir/build
make[1]: Entering directory '/mnt/hgfs/Temp/robot/Robot/build/CMakeFiles/CMakeTmp'
make[1]: Warning: File 'CMakeFiles/cmTC_b414c.dir/flags.make' has modification time 0.75 s in the future
Building CXX object CMakeFiles/cmTC_b414c.dir/CMakeCXXCompilerABI.cpp.o
/opt/loongson-gnu-toolchain-8.3-x86_64-loongarch64-linux-gnu-rc1.4/bin/loongarch64-linux-gnu-g++    -O3 -pthread -Wall    -v -o CMakeFiles/cmTC_b414c.dir/CMakeCXXCompilerABI.cpp.o -c /usr/share/cmake-3.16/Modules/CMakeCXXCompilerABI.cpp
Using built-in specs.
COLLECT_GCC=/opt/loongson-gnu-toolchain-8.3-x86_64-loongarch64-linux-gnu-rc1.4/bin/loongarch64-linux-gnu-g++
Target: loongarch64-linux-gnu
Configured with: /dev/shm/build-loongarch64-linux-gnu-x86_64-gcc8-rc1.4-20240615/src/gcc/configure CC='/dev/shm/build-loongarch64-linux-gnu-x86_64-gcc8-rc1.4-20240615/build-cross-host/root/usr/bin/x86_64-linux-gnu-gcc    -I/dev/shm/build-loongarch64-linux-gnu-x86_64-gcc8-rc1.4-20240615/build-lib-host/root/usr/include' CXX='/dev/shm/build-loongarch64-linux-gnu-x86_64-gcc8-rc1.4-20240615/build-cross-host/root/usr/bin/x86_64-linux-gnu-g++    -I/dev/shm/build-loongarch64-linux-gnu-x86_64-gcc8-rc1.4-20240615/build-lib-host/root/usr/include' LDFLAGS=' -static-libstdc++ -static-libgcc  -L/dev/shm/build-loongarch64-linux-gnu-x86_64-gcc8-rc1.4-20240615/build-lib-host/root/usr/lib/../lib' CC_FOR_TARGET=: --build=x86_64-pc-linux-gnu --host=x86_64-linux-gnu --target=loongarch64-linux-gnu --prefix=/dev/shm/build-loongarch64-linux-gnu-x86_64-gcc8-rc1.4-20240615/build-canadian/root/usr --with-sysroot=/dev/shm/build-loongarch64-linux-gnu-x86_64-gcc8-rc1.4-20240615/build-canadian/root/usr/loongarch64-linux-gnu/sysroot --with-native-system-header-dir=/usr/include --with-gxx-include-dir=/dev/shm/build-loongarch64-linux-gnu-x86_64-gcc8-rc1.4-20240615/build-canadian/root/usr/loongarch64-linux-gnu/sysroot/usr/include/c++/8.3.0 --enable-languages=c,c++,fortran --with-build-sysroot= --disable-libstdcxx --disable-libgfortran --disable-libphobos --disable-libgomp --enable-libcc1 --enable-threads=posix --enable-__cxa_atexit --enable-initfini-array --disable-nls --disable-libmpx --disable-bootstrap --with-arch=loongarch64 --with-abi=lp64d --with-multilib-list=lp64d,lp64s --enable-checking=release --with-pkgversion='LoongArch GNU toolchain rc1.4 (20240615)'
Thread model: posix
gcc version 8.3.0 (LoongArch GNU toolchain rc1.4 (20240615)) 
COLLECT_GCC_OPTIONS='-O3' '-pthread' '-Wall' '-v' '-o' 'CMakeFiles/cmTC_b414c.dir/CMakeCXXCompilerABI.cpp.o' '-c' '-shared-libgcc' '-mabi=lp64d' '-march=loongarch64' '-mfpu=64' '-msimd=none' '-mcmodel=normal' '-mtune=loongarch64'
 /opt/loongson-gnu-toolchain-8.3-x86_64-loongarch64-linux-gnu-rc1.4/bin/../libexec/gcc/loongarch64-linux-gnu/8.3.0/cc1plus -quiet -v -imultilib . -iprefix /opt/loongson-gnu-toolchain-8.3-x86_64-loongarch64-linux-gnu-rc1.4/bin/../lib/gcc/loongarch64-linux-gnu/8.3.0/ -isysroot /opt/loongson-gnu-toolchain-8.3-x86_64-loongarch64-linux-gnu-rc1.4/bin/../loongarch64-linux-gnu/sysroot -D_GNU_SOURCE -D_REENTRANT /usr/share/cmake-3.16/Modules/CMakeCXXCompilerABI.cpp -quiet -dumpbase CMakeCXXCompilerABI.cpp -mabi=lp64d -march=loongarch64 -mfpu=64 -msimd=none -mcmodel=normal -mtune=loongarch64 -auxbase-strip CMakeFiles/cmTC_b414c.dir/CMakeCXXCompilerABI.cpp.o -O3 -Wall -version -o /tmp/ccxXS9RC.s
GNU C++14 (LoongArch GNU toolchain rc1.4 (20240615)) version 8.3.0 (loongarch64-linux-gnu)
	compiled by GNU C version 8.3.0, GMP version 6.1.0, MPFR version 3.1.4, MPC version 1.0.3, isl version isl-0.18-GMP

GGC heuristics: --param ggc-min-expand=100 --param ggc-min-heapsize=131072
ignoring duplicate directory "/opt/loongson-gnu-toolchain-8.3-x86_64-loongarch64-linux-gnu-rc1.4/lib/gcc/loongarch64-linux-gnu/8.3.0/include"
ignoring nonexistent directory "/opt/loongson-gnu-toolchain-8.3-x86_64-loongarch64-linux-gnu-rc1.4/bin/../loongarch64-linux-gnu/sysroot/usr/local/include"
ignoring duplicate directory "/opt/loongson-gnu-toolchain-8.3-x86_64-loongarch64-linux-gnu-rc1.4/lib/gcc/loongarch64-linux-gnu/8.3.0/include-fixed"
ignoring duplicate directory "/opt/loongson-gnu-toolchain-8.3-x86_64-loongarch64-linux-gnu-rc1.4/loongarch64-linux-gnu/include"
#include "..." search starts here:
#include <...> search starts here:
 /opt/loongson-gnu-toolchain-8.3-x86_64-loongarch64-linux-gnu-rc1.4/lib/gcc/loongarch64-linux-gnu/8.3.0/include
 /opt/loongson-gnu-toolchain-8.3-x86_64-loongarch64-linux-gnu-rc1.4/lib/gcc/loongarch64-linux-gnu/8.3.0/include-fixed
 /opt/loongson-gnu-toolchain-8.3-x86_64-loongarch64-linux-gnu-rc1.4/loongarch64-linux-gnu/include
 /opt/loongson-gnu-toolchain-8.3-x86_64-loongarch64-linux-gnu-rc1.4/loongarch64-linux-gnu/sysroot/usr/include/c++/8.3.0
 /opt/loongson-gnu-toolchain-8.3-x86_64-loongarch64-linux-gnu-rc1.4/loongarch64-linux-gnu/sysroot/usr/include/c++/8.3.0/loongarch64-linux-gnu
 /opt/loongson-gnu-toolchain-8.3-x86_64-loongarch64-linux-gnu-rc1.4/loongarch64-linux-gnu/sysroot/usr/include/c++/8.3.0/backward
 /opt/loongson-gnu-toolchain-8.3-x86_64-loongarch64-linux-gnu-rc1.4/loongarch64-linux-gnu/sysroot/usr/include
End of search list.
GNU C++14 (LoongArch GNU toolchain rc1.4 (20240615)) version 8.3.0 (loongarch64-linux-gnu)
	compiled by GNU C version 8.3.0, GMP version 6.1.0, MPFR version 3.1.4, MPC version 1.0.3, isl version isl-0.18-GMP

GGC heuristics: --param ggc-min-expand=100 --param ggc-min-heapsize=131072
Compiler executable checksum: 4dd5eea07ce62f0ef6bec1677846d0f4
COLLECT_GCC_OPTIONS='-O3' '-pthread' '-Wall' '-v' '-o' 'CMakeFiles/cmTC_b414c.dir/CMakeCXXCompilerABI.cpp.o' '-c' '-shared-libgcc' '-mabi=lp64d' '-march=loongarch64' '-mfpu=64' '-msimd=none' '-mcmodel=normal' '-mtune=loongarch64'
 /opt/loongson-gnu-toolchain-8.3-x86_64-loongarch64-linux-gnu-rc1.4/bin/../lib/gcc/loongarch64-linux-gnu/8.3.0/../../../../loongarch64-linux-gnu/bin/as -v -mabi=lp64 -o CMakeFiles/cmTC_b414c.dir/CMakeCXXCompilerABI.cpp.o /tmp/ccxXS9RC.s
GNU assembler version 2.31.1 (loongarch64-linux-gnu) using BFD version (LoongArch GNU toolchain rc1.4 20240615) 2.31.1.20190122
COMPILER_PATH=/opt/loongson-gnu-toolchain-8.3-x86_64-loongarch64-linux-gnu-rc1.4/bin/../libexec/gcc/loongarch64-linux-gnu/8.3.0/:/opt/loongson-gnu-toolchain-8.3-x86_64-loongarch64-linux-gnu-rc1.4/bin/../libexec/gcc/:/opt/loongson-gnu-toolchain-8.3-x86_64-loongarch64-linux-gnu-rc1.4/bin/../lib/gcc/loongarch64-linux-gnu/8.3.0/../../../../loongarch64-linux-gnu/bin/
LIBRARY_PATH=/opt/loongson-gnu-toolchain-8.3-x86_64-loongarch64-linux-gnu-rc1.4/bin/../lib/gcc/loongarch64-linux-gnu/8.3.0/:/opt/loongson-gnu-toolchain-8.3-x86_64-loongarch64-linux-gnu-rc1.4/bin/../lib/gcc/:/opt/loongson-gnu-toolchain-8.3-x86_64-loongarch64-linux-gnu-rc1.4/bin/../loongarch64-linux-gnu/sysroot/lib/../lib64/:/opt/loongson-gnu-toolchain-8.3-x86_64-loongarch64-linux-gnu-rc1.4/bin/../loongarch64-linux-gnu/sysroot/usr/lib/../lib64/:/opt/loongson-gnu-toolchain-8.3-x86_64-loongarch64-linux-gnu-rc1.4/bin/../lib/gcc/loongarch64-linux-gnu/8.3.0/../../../../loongarch64-linux-gnu/lib/:/opt/loongson-gnu-toolchain-8.3-x86_64-loongarch64-linux-gnu-rc1.4/bin/../loongarch64-linux-gnu/sysroot/lib/:/opt/loongson-gnu-toolchain-8.3-x86_64-loongarch64-linux-gnu-rc1.4/bin/../loongarch64-linux-gnu/sysroot/usr/lib/
COLLECT_GCC_OPTIONS='-O3' '-pthread' '-Wall' '-v' '-o' 'CMakeFiles/cmTC_b414c.dir/CMakeCXXCompilerABI.cpp.o' '-c' '-shared-libgcc' '-mabi=lp64d' '-march=loongarch64' '-mfpu=64' '-msimd=none' '-mcmodel=normal' '-mtune=loongarch64'
Linking CXX executable cmTC_b414c
/usr/bin/cmake -E cmake_link_script CMakeFiles/cmTC_b414c.dir/link.txt --verbose=1
/opt/loongson-gnu-toolchain-8.3-x86_64-loongarch64-linux-gnu-rc1.4/bin/loongarch64-linux-gnu-g++   -O3 -pthread -Wall    -v CMakeFiles/cmTC_b414c.dir/CMakeCXXCompilerABI.cpp.o  -o cmTC_b414c 
Using built-in specs.
COLLECT_GCC=/opt/loongson-gnu-toolchain-8.3-x86_64-loongarch64-linux-gnu-rc1.4/bin/loongarch64-linux-gnu-g++
COLLECT_LTO_WRAPPER=/opt/loongson-gnu-toolchain-8.3-x86_64-loongarch64-linux-gnu-rc1.4/bin/../libexec/gcc/loongarch64-linux-gnu/8.3.0/lto-wrapper
Target: loongarch64-linux-gnu
Configured with: /dev/shm/build-loongarch64-linux-gnu-x86_64-gcc8-rc1.4-20240615/src/gcc/configure CC='/dev/shm/build-loongarch64-linux-gnu-x86_64-gcc8-rc1.4-20240615/build-cross-host/root/usr/bin/x86_64-linux-gnu-gcc    -I/dev/shm/build-loongarch64-linux-gnu-x86_64-gcc8-rc1.4-20240615/build-lib-host/root/usr/include' CXX='/dev/shm/build-loongarch64-linux-gnu-x86_64-gcc8-rc1.4-20240615/build-cross-host/root/usr/bin/x86_64-linux-gnu-g++    -I/dev/shm/build-loongarch64-linux-gnu-x86_64-gcc8-rc1.4-20240615/build-lib-host/root/usr/include' LDFLAGS=' -static-libstdc++ -static-libgcc  -L/dev/shm/build-loongarch64-linux-gnu-x86_64-gcc8-rc1.4-20240615/build-lib-host/root/usr/lib/../lib' CC_FOR_TARGET=: --build=x86_64-pc-linux-gnu --host=x86_64-linux-gnu --target=loongarch64-linux-gnu --prefix=/dev/shm/build-loongarch64-linux-gnu-x86_64-gcc8-rc1.4-20240615/build-canadian/root/usr --with-sysroot=/dev/shm/build-loongarch64-linux-gnu-x86_64-gcc8-rc1.4-20240615/build-canadian/root/usr/loongarch64-linux-gnu/sysroot --with-native-system-header-dir=/usr/include --with-gxx-include-dir=/dev/shm/build-loongarch64-linux-gnu-x86_64-gcc8-rc1.4-20240615/build-canadian/root/usr/loongarch64-linux-gnu/sysroot/usr/include/c++/8.3.0 --enable-languages=c,c++,fortran --with-build-sysroot= --disable-libstdcxx --disable-libgfortran --disable-libphobos --disable-libgomp --enable-libcc1 --enable-threads=posix --enable-__cxa_atexit --enable-initfini-array --disable-nls --disable-libmpx --disable-bootstrap --with-arch=loongarch64 --with-abi=lp64d --with-multilib-list=lp64d,lp64s --enable-checking=release --with-pkgversion='LoongArch GNU toolchain rc1.4 (20240615)'
Thread model: posix
gcc version 8.3.0 (LoongArch GNU toolchain rc1.4 (20240615)) 
COMPILER_PATH=/opt/loongson-gnu-toolchain-8.3-x86_64-loongarch64-linux-gnu-rc1.4/bin/../libexec/gcc/loongarch64-linux-gnu/8.3.0/:/opt/loongson-gnu-toolchain-8.3-x86_64-loongarch64-linux-gnu-rc1.4/bin/../libexec/gcc/:/opt/loongson-gnu-toolchain-8.3-x86_64-loongarch64-linux-gnu-rc1.4/bin/../lib/gcc/loongarch64-linux-gnu/8.3.0/../../../../loongarch64-linux-gnu/bin/
LIBRARY_PATH=/opt/loongson-gnu-toolchain-8.3-x86_64-loongarch64-linux-gnu-rc1.4/bin/../lib/gcc/loongarch64-linux-gnu/8.3.0/:/opt/loongson-gnu-toolchain-8.3-x86_64-loongarch64-linux-gnu-rc1.4/bin/../lib/gcc/:/opt/loongson-gnu-toolchain-8.3-x86_64-loongarch64-linux-gnu-rc1.4/bin/../loongarch64-linux-gnu/sysroot/lib/../lib64/:/opt/loongson-gnu-toolchain-8.3-x86_64-loongarch64-linux-gnu-rc1.4/bin/../loongarch64-linux-gnu/sysroot/usr/lib/../lib64/:/opt/loongson-gnu-toolchain-8.3-x86_64-loongarch64-linux-gnu-rc1.4/bin/../lib/gcc/loongarch64-linux-gnu/8.3.0/../../../../loongarch64-linux-gnu/lib/:/opt/loongson-gnu-toolchain-8.3-x86_64-loongarch64-linux-gnu-rc1.4/bin/../loongarch64-linux-gnu/sysroot/lib/:/opt/loongson-gnu-toolchain-8.3-x86_64-loongarch64-linux-gnu-rc1.4/bin/../loongarch64-linux-gnu/sysroot/usr/lib/
COLLECT_GCC_OPTIONS='-O3' '-pthread' '-Wall' '-v' '-o' 'cmTC_b414c' '-shared-libgcc' '-mabi=lp64d' '-march=loongarch64' '-mfpu=64' '-msimd=none' '-mcmodel=normal' '-mtune=loongarch64'
 /opt/loongson-gnu-toolchain-8.3-x86_64-loongarch64-linux-gnu-rc1.4/bin/../libexec/gcc/loongarch64-linux-gnu/8.3.0/collect2 -plugin /opt/loongson-gnu-toolchain-8.3-x86_64-loongarch64-linux-gnu-rc1.4/bin/../libexec/gcc/loongarch64-linux-gnu/8.3.0/liblto_plugin.so -plugin-opt=/opt/loongson-gnu-toolchain-8.3-x86_64-loongarch64-linux-gnu-rc1.4/bin/../libexec/gcc/loongarch64-linux-gnu/8.3.0/lto-wrapper -plugin-opt=-fresolution=/tmp/ccnN0pT4.res -plugin-opt=-pass-through=-lgcc_s -plugin-opt=-pass-through=-lgcc -plugin-opt=-pass-through=-lpthread -plugin-opt=-pass-through=-lc -plugin-opt=-pass-through=-lgcc_s -plugin-opt=-pass-through=-lgcc --sysroot=/opt/loongson-gnu-toolchain-8.3-x86_64-loongarch64-linux-gnu-rc1.4/bin/../loongarch64-linux-gnu/sysroot --eh-frame-hdr -m elf64loongarch -dynamic-linker /lib64/ld.so.1 -o cmTC_b414c /opt/loongson-gnu-toolchain-8.3-x86_64-loongarch64-linux-gnu-rc1.4/bin/../loongarch64-linux-gnu/sysroot/lib/../lib64/crt1.o /opt/loongson-gnu-toolchain-8.3-x86_64-loongarch64-linux-gnu-rc1.4/bin/../loongarch64-linux-gnu/sysroot/lib/../lib64/crti.o /opt/loongson-gnu-toolchain-8.3-x86_64-loongarch64-linux-gnu-rc1.4/bin/../lib/gcc/loongarch64-linux-gnu/8.3.0/crtbegin.o -L/opt/loongson-gnu-toolchain-8.3-x86_64-loongarch64-linux-gnu-rc1.4/bin/../lib/gcc/loongarch64-linux-gnu/8.3.0 -L/opt/loongson-gnu-toolchain-8.3-x86_64-loongarch64-linux-gnu-rc1.4/bin/../lib/gcc -L/opt/loongson-gnu-toolchain-8.3-x86_64-loongarch64-linux-gnu-rc1.4/bin/../loongarch64-linux-gnu/sysroot/lib/../lib64 -L/opt/loongson-gnu-toolchain-8.3-x86_64-loongarch64-linux-gnu-rc1.4/bin/../loongarch64-linux-gnu/sysroot/usr/lib/../lib64 -L/opt/loongson-gnu-toolchain-8.3-x86_64-loongarch64-linux-gnu-rc1.4/bin/../lib/gcc/loongarch64-linux-gnu/8.3.0/../../../../loongarch64-linux-gnu/lib -L/opt/loongson-gnu-toolchain-8.3-x86_64-loongarch64-linux-gnu-rc1.4/bin/../loongarch64-linux-gnu/sysroot/lib -L/opt/loongson-gnu-toolchain-8.3-x86_64-loongarch64-linux-gnu-rc1.4/bin/../loongarch64-linux-gnu/sysroot/usr/lib CMakeFiles/cmTC_b414c.dir/CMakeCXXCompilerABI.cpp.o -lstdc++ -lm -lgcc_s -lgcc -lpthread -lc -lgcc_s -lgcc /opt/loongson-gnu-toolchain-8.3-x86_64-loongarch64-linux-gnu-rc1.4/bin/../lib/gcc/loongarch64-linux-gnu/8.3.0/crtend.o /opt/loongson-gnu-toolchain-8.3-x86_64-loongarch64-linux-gnu-rc1.4/bin/../loongarch64-linux-gnu/sysroot/lib/../lib64/crtn.o
COLLECT_GCC_OPTIONS='-O3' '-pthread' '-Wall' '-v' '-o' 'cmTC_b414c' '-shared-libgcc' '-mabi=lp64d' '-march=loongarch64' '-mfpu=64' '-msimd=none' '-mcmodel=normal' '-mtune=loongarch64'
make[1]: warning:  Clock skew detected.  Your build may be incomplete.
make[1]: Leaving directory '/mnt/hgfs/Temp/robot/Robot/build/CMakeFiles/CMakeTmp'
make: warning:  Clock skew detected.  Your build may be incomplete.



Parsed CXX implicit include dir info from above output: rv=done
  found start of include info
  found start of implicit include info
    add: [/opt/loongson-gnu-toolchain-8.3-x86_64-loongarch64-linux-gnu-rc1.4/lib/gcc/loongarch64-linux-gnu/8.3.0/include]
    add: [/opt/loongson-gnu-toolchain-8.3-x86_64-loongarch64-linux-gnu-rc1.4/lib/gcc/loongarch64-linux-gnu/8.3.0/include-fixed]
    add: [/opt/loongson-gnu-toolchain-8.3-x86_64-loongarch64-linux-gnu-rc1.4/loongarch64-linux-gnu/include]
    add: [/opt/loongson-gnu-toolchain-8.3-x86_64-loongarch64-linux-gnu-rc1.4/loongarch64-linux-gnu/sysroot/usr/include/c++/8.3.0]
    add: [/opt/loongson-gnu-toolchain-8.3-x86_64-loongarch64-linux-gnu-rc1.4/loongarch64-linux-gnu/sysroot/usr/include/c++/8.3.0/loongarch64-linux-gnu]
    add: [/opt/loongson-gnu-toolchain-8.3-x86_64-loongarch64-linux-gnu-rc1.4/loongarch64-linux-gnu/sysroot/usr/include/c++/8.3.0/backward]
    add: [/opt/loongson-gnu-toolchain-8.3-x86_64-loongarch64-linux-gnu-rc1.4/loongarch64-linux-gnu/sysroot/usr/include]
  end of search list found
  collapse include dir [/opt/loongson-gnu-toolchain-8.3-x86_64-loongarch64-linux-gnu-rc1.4/lib/gcc/loongarch64-linux-gnu/8.3.0/include] ==> [/opt/loongson-gnu-toolchain-8.3-x86_64-loongarch64-linux-gnu-rc1.4/lib/gcc/loongarch64-linux-gnu/8.3.0/include]
  collapse include dir [/opt/loongson-gnu-toolchain-8.3-x86_64-loongarch64-linux-gnu-rc1.4/lib/gcc/loongarch64-linux-gnu/8.3.0/include-fixed] ==> [/opt/loongson-gnu-toolchain-8.3-x86_64-loongarch64-linux-gnu-rc1.4/lib/gcc/loongarch64-linux-gnu/8.3.0/include-fixed]
  collapse include dir [/opt/loongson-gnu-toolchain-8.3-x86_64-loongarch64-linux-gnu-rc1.4/loongarch64-linux-gnu/include] ==> [/opt/loongson-gnu-toolchain-8.3-x86_64-loongarch64-linux-gnu-rc1.4/loongarch64-linux-gnu/include]
  collapse include dir [/opt/loongson-gnu-toolchain-8.3-x86_64-loongarch64-linux-gnu-rc1.4/loongarch64-linux-gnu/sysroot/usr/include/c++/8.3.0] ==> [/opt/loongson-gnu-toolchain-8.3-x86_64-loongarch64-linux-gnu-rc1.4/loongarch64-linux-gnu/sysroot/usr/include/c++/8.3.0]
  collapse include dir [/opt/loongson-gnu-toolchain-8.3-x86_64-loongarch64-linux-gnu-rc1.4/loongarch64-linux-gnu/sysroot/usr/include/c++/8.3.0/loongarch64-linux-gnu] ==> [/opt/loongson-gnu-toolchain-8.3-x86_64-loongarch64-linux-gnu-rc1.4/loongarch64-linux-gnu/sysroot/usr/include/c++/8.3.0/loongarch64-linux-gnu]
  collapse include dir [/opt/loongson-gnu-toolchain-8.3-x86_64-loongarch64-linux-gnu-rc1.4/loongarch64-linux-gnu/sysroot/usr/include/c++/8.3.0/backward] ==> [/opt/loongson-gnu-toolchain-8.3-x86_64-loongarch64-linux-gnu-rc1.4/loongarch64-linux-gnu/sysroot/usr/include/c++/8.3.0/backward]
  collapse include dir [/opt/loongson-gnu-toolchain-8.3-x86_64-loongarch64-linux-gnu-rc1.4/loongarch64-linux-gnu/sysroot/usr/include] ==> [/opt/loongson-gnu-toolchain-8.3-x86_64-loongarch64-linux-gnu-rc1.4/loongarch64-linux-gnu/sysroot/usr/include]
  implicit include dirs: [/opt/loongson-gnu-toolchain-8.3-x86_64-loongarch64-linux-gnu-rc1.4/lib/gcc/loongarch64-linux-gnu/8.3.0/include;/opt/loongson-gnu-toolchain-8.3-x86_64-loongarch64-linux-gnu-rc1.4/lib/gcc/loongarch64-linux-gnu/8.3.0/include-fixed;/opt/loongson-gnu-toolchain-8.3-x86_64-loongarch64-linux-gnu-rc1.4/loongarch64-linux-gnu/include;/opt/loongson-gnu-toolchain-8.3-x86_64-loongarch64-linux-gnu-rc1.4/loongarch64-linux-gnu/sysroot/usr/include/c++/8.3.0;/opt/loongson-gnu-toolchain-8.3-x86_64-loongarch64-linux-gnu-rc1.4/loongarch64-linux-gnu/sysroot/usr/include/c++/8.3.0/loongarch64-linux-gnu;/opt/loongson-gnu-toolchain-8.3-x86_64-loongarch64-linux-gnu-rc1.4/loongarch64-linux-gnu/sysroot/usr/include/c++/8.3.0/backward;/opt/loongson-gnu-toolchain-8.3-x86_64-loongarch64-linux-gnu-rc1.4/loongarch64-linux-gnu/sysroot/usr/include]


Parsed CXX implicit link information from above output:
  link line regex: [^( *|.*[/\])(loongarch64-linux-gnu-ld|CMAKE_LINK_STARTFILE-NOTFOUND|([^/\]+-)?ld|collect2)[^/\]*( |$)]
  ignore line: [Change Dir: /home/benben/桌面/Temp/robot/Robot/build/CMakeFiles/CMakeTmp]
  ignore line: []
  ignore line: [Run Build Command(s):/usr/bin/make cmTC_b414c/fast && make: Warning: File 'Makefile' has modification time 0.77 s in the future]
  ignore line: [/usr/bin/make -f CMakeFiles/cmTC_b414c.dir/build.make CMakeFiles/cmTC_b414c.dir/build]
  ignore line: [make[1]: Entering directory '/mnt/hgfs/Temp/robot/Robot/build/CMakeFiles/CMakeTmp']
  ignore line: [make[1]: Warning: File 'CMakeFiles/cmTC_b414c.dir/flags.make' has modification time 0.75 s in the future]
  ignore line: [Building CXX object CMakeFiles/cmTC_b414c.dir/CMakeCXXCompilerABI.cpp.o]
  ignore line: [/opt/loongson-gnu-toolchain-8.3-x86_64-loongarch64-linux-gnu-rc1.4/bin/loongarch64-linux-gnu-g++    -O3 -pthread -Wall    -v -o CMakeFiles/cmTC_b414c.dir/CMakeCXXCompilerABI.cpp.o -c /usr/share/cmake-3.16/Modules/CMakeCXXCompilerABI.cpp]
  ignore line: [Using built-in specs.]
  ignore line: [COLLECT_GCC=/opt/loongson-gnu-toolchain-8.3-x86_64-loongarch64-linux-gnu-rc1.4/bin/loongarch64-linux-gnu-g++]
  ignore line: [Target: loongarch64-linux-gnu]
  ignore line: [Configured with: /dev/shm/build-loongarch64-linux-gnu-x86_64-gcc8-rc1.4-20240615/src/gcc/configure CC='/dev/shm/build-loongarch64-linux-gnu-x86_64-gcc8-rc1.4-20240615/build-cross-host/root/usr/bin/x86_64-linux-gnu-gcc    -I/dev/shm/build-loongarch64-linux-gnu-x86_64-gcc8-rc1.4-20240615/build-lib-host/root/usr/include' CXX='/dev/shm/build-loongarch64-linux-gnu-x86_64-gcc8-rc1.4-20240615/build-cross-host/root/usr/bin/x86_64-linux-gnu-g++    -I/dev/shm/build-loongarch64-linux-gnu-x86_64-gcc8-rc1.4-20240615/build-lib-host/root/usr/include' LDFLAGS=' -static-libstdc++ -static-libgcc  -L/dev/shm/build-loongarch64-linux-gnu-x86_64-gcc8-rc1.4-20240615/build-lib-host/root/usr/lib/../lib' CC_FOR_TARGET=: --build=x86_64-pc-linux-gnu --host=x86_64-linux-gnu --target=loongarch64-linux-gnu --prefix=/dev/shm/build-loongarch64-linux-gnu-x86_64-gcc8-rc1.4-20240615/build-canadian/root/usr --with-sysroot=/dev/shm/build-loongarch64-linux-gnu-x86_64-gcc8-rc1.4-20240615/build-canadian/root/usr/loongarch64-linux-gnu/sysroot --with-native-system-header-dir=/usr/include --with-gxx-include-dir=/dev/shm/build-loongarch64-linux-gnu-x86_64-gcc8-rc1.4-20240615/build-canadian/root/usr/loongarch64-linux-gnu/sysroot/usr/include/c++/8.3.0 --enable-languages=c c++ fortran --with-build-sysroot= --disable-libstdcxx --disable-libgfortran --disable-libphobos --disable-libgomp --enable-libcc1 --enable-threads=posix --enable-__cxa_atexit --enable-initfini-array --disable-nls --disable-libmpx --disable-bootstrap --with-arch=loongarch64 --with-abi=lp64d --with-multilib-list=lp64d lp64s --enable-checking=release --with-pkgversion='LoongArch GNU toolchain rc1.4 (20240615)']
  ignore line: [Thread model: posix]
  ignore line: [gcc version 8.3.0 (LoongArch GNU toolchain rc1.4 (20240615)) ]
  ignore line: [COLLECT_GCC_OPTIONS='-O3' '-pthread' '-Wall' '-v' '-o' 'CMakeFiles/cmTC_b414c.dir/CMakeCXXCompilerABI.cpp.o' '-c' '-shared-libgcc' '-mabi=lp64d' '-march=loongarch64' '-mfpu=64' '-msimd=none' '-mcmodel=normal' '-mtune=loongarch64']
  ignore line: [ /opt/loongson-gnu-toolchain-8.3-x86_64-loongarch64-linux-gnu-rc1.4/bin/../libexec/gcc/loongarch64-linux-gnu/8.3.0/cc1plus -quiet -v -imultilib . -iprefix /opt/loongson-gnu-toolchain-8.3-x86_64-loongarch64-linux-gnu-rc1.4/bin/../lib/gcc/loongarch64-linux-gnu/8.3.0/ -isysroot /opt/loongson-gnu-toolchain-8.3-x86_64-loongarch64-linux-gnu-rc1.4/bin/../loongarch64-linux-gnu/sysroot -D_GNU_SOURCE -D_REENTRANT /usr/share/cmake-3.16/Modules/CMakeCXXCompilerABI.cpp -quiet -dumpbase CMakeCXXCompilerABI.cpp -mabi=lp64d -march=loongarch64 -mfpu=64 -msimd=none -mcmodel=normal -mtune=loongarch64 -auxbase-strip CMakeFiles/cmTC_b414c.dir/CMakeCXXCompilerABI.cpp.o -O3 -Wall -version -o /tmp/ccxXS9RC.s]
  ignore line: [GNU C++14 (LoongArch GNU toolchain rc1.4 (20240615)) version 8.3.0 (loongarch64-linux-gnu)]
  ignore line: [	compiled by GNU C version 8.3.0  GMP version 6.1.0  MPFR version 3.1.4  MPC version 1.0.3  isl version isl-0.18-GMP]
  ignore line: []
  ignore line: [GGC heuristics: --param ggc-min-expand=100 --param ggc-min-heapsize=131072]
  ignore line: [ignoring duplicate directory "/opt/loongson-gnu-toolchain-8.3-x86_64-loongarch64-linux-gnu-rc1.4/lib/gcc/loongarch64-linux-gnu/8.3.0/include"]
  ignore line: [ignoring nonexistent directory "/opt/loongson-gnu-toolchain-8.3-x86_64-loongarch64-linux-gnu-rc1.4/bin/../loongarch64-linux-gnu/sysroot/usr/local/include"]
  ignore line: [ignoring duplicate directory "/opt/loongson-gnu-toolchain-8.3-x86_64-loongarch64-linux-gnu-rc1.4/lib/gcc/loongarch64-linux-gnu/8.3.0/include-fixed"]
  ignore line: [ignoring duplicate directory "/opt/loongson-gnu-toolchain-8.3-x86_64-loongarch64-linux-gnu-rc1.4/loongarch64-linux-gnu/include"]
  ignore line: [#include "..." search starts here:]
  ignore line: [#include <...> search starts here:]
  ignore line: [ /opt/loongson-gnu-toolchain-8.3-x86_64-loongarch64-linux-gnu-rc1.4/lib/gcc/loongarch64-linux-gnu/8.3.0/include]
  ignore line: [ /opt/loongson-gnu-toolchain-8.3-x86_64-loongarch64-linux-gnu-rc1.4/lib/gcc/loongarch64-linux-gnu/8.3.0/include-fixed]
  ignore line: [ /opt/loongson-gnu-toolchain-8.3-x86_64-loongarch64-linux-gnu-rc1.4/loongarch64-linux-gnu/include]
  ignore line: [ /opt/loongson-gnu-toolchain-8.3-x86_64-loongarch64-linux-gnu-rc1.4/loongarch64-linux-gnu/sysroot/usr/include/c++/8.3.0]
  ignore line: [ /opt/loongson-gnu-toolchain-8.3-x86_64-loongarch64-linux-gnu-rc1.4/loongarch64-linux-gnu/sysroot/usr/include/c++/8.3.0/loongarch64-linux-gnu]
  ignore line: [ /opt/loongson-gnu-toolchain-8.3-x86_64-loongarch64-linux-gnu-rc1.4/loongarch64-linux-gnu/sysroot/usr/include/c++/8.3.0/backward]
  ignore line: [ /opt/loongson-gnu-toolchain-8.3-x86_64-loongarch64-linux-gnu-rc1.4/loongarch64-linux-gnu/sysroot/usr/include]
  ignore line: [End of search list.]
  ignore line: [GNU C++14 (LoongArch GNU toolchain rc1.4 (20240615)) version 8.3.0 (loongarch64-linux-gnu)]
  ignore line: [	compiled by GNU C version 8.3.0  GMP version 6.1.0  MPFR version 3.1.4  MPC version 1.0.3  isl version isl-0.18-GMP]
  ignore line: []
  ignore line: [GGC heuristics: --param ggc-min-expand=100 --param ggc-min-heapsize=131072]
  ignore line: [Compiler executable checksum: 4dd5eea07ce62f0ef6bec1677846d0f4]
  ignore line: [COLLECT_GCC_OPTIONS='-O3' '-pthread' '-Wall' '-v' '-o' 'CMakeFiles/cmTC_b414c.dir/CMakeCXXCompilerABI.cpp.o' '-c' '-shared-libgcc' '-mabi=lp64d' '-march=loongarch64' '-mfpu=64' '-msimd=none' '-mcmodel=normal' '-mtune=loongarch64']
  ignore line: [ /opt/loongson-gnu-toolchain-8.3-x86_64-loongarch64-linux-gnu-rc1.4/bin/../lib/gcc/loongarch64-linux-gnu/8.3.0/../../../../loongarch64-linux-gnu/bin/as -v -mabi=lp64 -o CMakeFiles/cmTC_b414c.dir/CMakeCXXCompilerABI.cpp.o /tmp/ccxXS9RC.s]
  ignore line: [GNU assembler version 2.31.1 (loongarch64-linux-gnu) using BFD version (LoongArch GNU toolchain rc1.4 20240615) 2.31.1.20190122]
  ignore line: [COMPILER_PATH=/opt/loongson-gnu-toolchain-8.3-x86_64-loongarch64-linux-gnu-rc1.4/bin/../libexec/gcc/loongarch64-linux-gnu/8.3.0/:/opt/loongson-gnu-toolchain-8.3-x86_64-loongarch64-linux-gnu-rc1.4/bin/../libexec/gcc/:/opt/loongson-gnu-toolchain-8.3-x86_64-loongarch64-linux-gnu-rc1.4/bin/../lib/gcc/loongarch64-linux-gnu/8.3.0/../../../../loongarch64-linux-gnu/bin/]
  ignore line: [LIBRARY_PATH=/opt/loongson-gnu-toolchain-8.3-x86_64-loongarch64-linux-gnu-rc1.4/bin/../lib/gcc/loongarch64-linux-gnu/8.3.0/:/opt/loongson-gnu-toolchain-8.3-x86_64-loongarch64-linux-gnu-rc1.4/bin/../lib/gcc/:/opt/loongson-gnu-toolchain-8.3-x86_64-loongarch64-linux-gnu-rc1.4/bin/../loongarch64-linux-gnu/sysroot/lib/../lib64/:/opt/loongson-gnu-toolchain-8.3-x86_64-loongarch64-linux-gnu-rc1.4/bin/../loongarch64-linux-gnu/sysroot/usr/lib/../lib64/:/opt/loongson-gnu-toolchain-8.3-x86_64-loongarch64-linux-gnu-rc1.4/bin/../lib/gcc/loongarch64-linux-gnu/8.3.0/../../../../loongarch64-linux-gnu/lib/:/opt/loongson-gnu-toolchain-8.3-x86_64-loongarch64-linux-gnu-rc1.4/bin/../loongarch64-linux-gnu/sysroot/lib/:/opt/loongson-gnu-toolchain-8.3-x86_64-loongarch64-linux-gnu-rc1.4/bin/../loongarch64-linux-gnu/sysroot/usr/lib/]
  ignore line: [COLLECT_GCC_OPTIONS='-O3' '-pthread' '-Wall' '-v' '-o' 'CMakeFiles/cmTC_b414c.dir/CMakeCXXCompilerABI.cpp.o' '-c' '-shared-libgcc' '-mabi=lp64d' '-march=loongarch64' '-mfpu=64' '-msimd=none' '-mcmodel=normal' '-mtune=loongarch64']
  ignore line: [Linking CXX executable cmTC_b414c]
  ignore line: [/usr/bin/cmake -E cmake_link_script CMakeFiles/cmTC_b414c.dir/link.txt --verbose=1]
  ignore line: [/opt/loongson-gnu-toolchain-8.3-x86_64-loongarch64-linux-gnu-rc1.4/bin/loongarch64-linux-gnu-g++   -O3 -pthread -Wall    -v CMakeFiles/cmTC_b414c.dir/CMakeCXXCompilerABI.cpp.o  -o cmTC_b414c ]
  ignore line: [Using built-in specs.]
  ignore line: [COLLECT_GCC=/opt/loongson-gnu-toolchain-8.3-x86_64-loongarch64-linux-gnu-rc1.4/bin/loongarch64-linux-gnu-g++]
  ignore line: [COLLECT_LTO_WRAPPER=/opt/loongson-gnu-toolchain-8.3-x86_64-loongarch64-linux-gnu-rc1.4/bin/../libexec/gcc/loongarch64-linux-gnu/8.3.0/lto-wrapper]
  ignore line: [Target: loongarch64-linux-gnu]
  ignore line: [Configured with: /dev/shm/build-loongarch64-linux-gnu-x86_64-gcc8-rc1.4-20240615/src/gcc/configure CC='/dev/shm/build-loongarch64-linux-gnu-x86_64-gcc8-rc1.4-20240615/build-cross-host/root/usr/bin/x86_64-linux-gnu-gcc    -I/dev/shm/build-loongarch64-linux-gnu-x86_64-gcc8-rc1.4-20240615/build-lib-host/root/usr/include' CXX='/dev/shm/build-loongarch64-linux-gnu-x86_64-gcc8-rc1.4-20240615/build-cross-host/root/usr/bin/x86_64-linux-gnu-g++    -I/dev/shm/build-loongarch64-linux-gnu-x86_64-gcc8-rc1.4-20240615/build-lib-host/root/usr/include' LDFLAGS=' -static-libstdc++ -static-libgcc  -L/dev/shm/build-loongarch64-linux-gnu-x86_64-gcc8-rc1.4-20240615/build-lib-host/root/usr/lib/../lib' CC_FOR_TARGET=: --build=x86_64-pc-linux-gnu --host=x86_64-linux-gnu --target=loongarch64-linux-gnu --prefix=/dev/shm/build-loongarch64-linux-gnu-x86_64-gcc8-rc1.4-20240615/build-canadian/root/usr --with-sysroot=/dev/shm/build-loongarch64-linux-gnu-x86_64-gcc8-rc1.4-20240615/build-canadian/root/usr/loongarch64-linux-gnu/sysroot --with-native-system-header-dir=/usr/include --with-gxx-include-dir=/dev/shm/build-loongarch64-linux-gnu-x86_64-gcc8-rc1.4-20240615/build-canadian/root/usr/loongarch64-linux-gnu/sysroot/usr/include/c++/8.3.0 --enable-languages=c c++ fortran --with-build-sysroot= --disable-libstdcxx --disable-libgfortran --disable-libphobos --disable-libgomp --enable-libcc1 --enable-threads=posix --enable-__cxa_atexit --enable-initfini-array --disable-nls --disable-libmpx --disable-bootstrap --with-arch=loongarch64 --with-abi=lp64d --with-multilib-list=lp64d lp64s --enable-checking=release --with-pkgversion='LoongArch GNU toolchain rc1.4 (20240615)']
  ignore line: [Thread model: posix]
  ignore line: [gcc version 8.3.0 (LoongArch GNU toolchain rc1.4 (20240615)) ]
  ignore line: [COMPILER_PATH=/opt/loongson-gnu-toolchain-8.3-x86_64-loongarch64-linux-gnu-rc1.4/bin/../libexec/gcc/loongarch64-linux-gnu/8.3.0/:/opt/loongson-gnu-toolchain-8.3-x86_64-loongarch64-linux-gnu-rc1.4/bin/../libexec/gcc/:/opt/loongson-gnu-toolchain-8.3-x86_64-loongarch64-linux-gnu-rc1.4/bin/../lib/gcc/loongarch64-linux-gnu/8.3.0/../../../../loongarch64-linux-gnu/bin/]
  ignore line: [LIBRARY_PATH=/opt/loongson-gnu-toolchain-8.3-x86_64-loongarch64-linux-gnu-rc1.4/bin/../lib/gcc/loongarch64-linux-gnu/8.3.0/:/opt/loongson-gnu-toolchain-8.3-x86_64-loongarch64-linux-gnu-rc1.4/bin/../lib/gcc/:/opt/loongson-gnu-toolchain-8.3-x86_64-loongarch64-linux-gnu-rc1.4/bin/../loongarch64-linux-gnu/sysroot/lib/../lib64/:/opt/loongson-gnu-toolchain-8.3-x86_64-loongarch64-linux-gnu-rc1.4/bin/../loongarch64-linux-gnu/sysroot/usr/lib/../lib64/:/opt/loongson-gnu-toolchain-8.3-x86_64-loongarch64-linux-gnu-rc1.4/bin/../lib/gcc/loongarch64-linux-gnu/8.3.0/../../../../loongarch64-linux-gnu/lib/:/opt/loongson-gnu-toolchain-8.3-x86_64-loongarch64-linux-gnu-rc1.4/bin/../loongarch64-linux-gnu/sysroot/lib/:/opt/loongson-gnu-toolchain-8.3-x86_64-loongarch64-linux-gnu-rc1.4/bin/../loongarch64-linux-gnu/sysroot/usr/lib/]
  ignore line: [COLLECT_GCC_OPTIONS='-O3' '-pthread' '-Wall' '-v' '-o' 'cmTC_b414c' '-shared-libgcc' '-mabi=lp64d' '-march=loongarch64' '-mfpu=64' '-msimd=none' '-mcmodel=normal' '-mtune=loongarch64']
  link line: [ /opt/loongson-gnu-toolchain-8.3-x86_64-loongarch64-linux-gnu-rc1.4/bin/../libexec/gcc/loongarch64-linux-gnu/8.3.0/collect2 -plugin /opt/loongson-gnu-toolchain-8.3-x86_64-loongarch64-linux-gnu-rc1.4/bin/../libexec/gcc/loongarch64-linux-gnu/8.3.0/liblto_plugin.so -plugin-opt=/opt/loongson-gnu-toolchain-8.3-x86_64-loongarch64-linux-gnu-rc1.4/bin/../libexec/gcc/loongarch64-linux-gnu/8.3.0/lto-wrapper -plugin-opt=-fresolution=/tmp/ccnN0pT4.res -plugin-opt=-pass-through=-lgcc_s -plugin-opt=-pass-through=-lgcc -plugin-opt=-pass-through=-lpthread -plugin-opt=-pass-through=-lc -plugin-opt=-pass-through=-lgcc_s -plugin-opt=-pass-through=-lgcc --sysroot=/opt/loongson-gnu-toolchain-8.3-x86_64-loongarch64-linux-gnu-rc1.4/bin/../loongarch64-linux-gnu/sysroot --eh-frame-hdr -m elf64loongarch -dynamic-linker /lib64/ld.so.1 -o cmTC_b414c /opt/loongson-gnu-toolchain-8.3-x86_64-loongarch64-linux-gnu-rc1.4/bin/../loongarch64-linux-gnu/sysroot/lib/../lib64/crt1.o /opt/loongson-gnu-toolchain-8.3-x86_64-loongarch64-linux-gnu-rc1.4/bin/../loongarch64-linux-gnu/sysroot/lib/../lib64/crti.o /opt/loongson-gnu-toolchain-8.3-x86_64-loongarch64-linux-gnu-rc1.4/bin/../lib/gcc/loongarch64-linux-gnu/8.3.0/crtbegin.o -L/opt/loongson-gnu-toolchain-8.3-x86_64-loongarch64-linux-gnu-rc1.4/bin/../lib/gcc/loongarch64-linux-gnu/8.3.0 -L/opt/loongson-gnu-toolchain-8.3-x86_64-loongarch64-linux-gnu-rc1.4/bin/../lib/gcc -L/opt/loongson-gnu-toolchain-8.3-x86_64-loongarch64-linux-gnu-rc1.4/bin/../loongarch64-linux-gnu/sysroot/lib/../lib64 -L/opt/loongson-gnu-toolchain-8.3-x86_64-loongarch64-linux-gnu-rc1.4/bin/../loongarch64-linux-gnu/sysroot/usr/lib/../lib64 -L/opt/loongson-gnu-toolchain-8.3-x86_64-loongarch64-linux-gnu-rc1.4/bin/../lib/gcc/loongarch64-linux-gnu/8.3.0/../../../../loongarch64-linux-gnu/lib -L/opt/loongson-gnu-toolchain-8.3-x86_64-loongarch64-linux-gnu-rc1.4/bin/../loongarch64-linux-gnu/sysroot/lib -L/opt/loongson-gnu-toolchain-8.3-x86_64-loongarch64-linux-gnu-rc1.4/bin/../loongarch64-linux-gnu/sysroot/usr/lib CMakeFiles/cmTC_b414c.dir/CMakeCXXCompilerABI.cpp.o -lstdc++ -lm -lgcc_s -lgcc -lpthread -lc -lgcc_s -lgcc /opt/loongson-gnu-toolchain-8.3-x86_64-loongarch64-linux-gnu-rc1.4/bin/../lib/gcc/loongarch64-linux-gnu/8.3.0/crtend.o /opt/loongson-gnu-toolchain-8.3-x86_64-loongarch64-linux-gnu-rc1.4/bin/../loongarch64-linux-gnu/sysroot/lib/../lib64/crtn.o]
    arg [/opt/loongson-gnu-toolchain-8.3-x86_64-loongarch64-linux-gnu-rc1.4/bin/../libexec/gcc/loongarch64-linux-gnu/8.3.0/collect2] ==> ignore
    arg [-plugin] ==> ignore
    arg [/opt/loongson-gnu-toolchain-8.3-x86_64-loongarch64-linux-gnu-rc1.4/bin/../libexec/gcc/loongarch64-linux-gnu/8.3.0/liblto_plugin.so] ==> ignore
    arg [-plugin-opt=/opt/loongson-gnu-toolchain-8.3-x86_64-loongarch64-linux-gnu-rc1.4/bin/../libexec/gcc/loongarch64-linux-gnu/8.3.0/lto-wrapper] ==> ignore
    arg [-plugin-opt=-fresolution=/tmp/ccnN0pT4.res] ==> ignore
    arg [-plugin-opt=-pass-through=-lgcc_s] ==> ignore
    arg [-plugin-opt=-pass-through=-lgcc] ==> ignore
    arg [-plugin-opt=-pass-through=-lpthread] ==> ignore
    arg [-plugin-opt=-pass-through=-lc] ==> ignore
    arg [-plugin-opt=-pass-through=-lgcc_s] ==> ignore
    arg [-plugin-opt=-pass-through=-lgcc] ==> ignore
    arg [--sysroot=/opt/loongson-gnu-toolchain-8.3-x86_64-loongarch64-linux-gnu-rc1.4/bin/../loongarch64-linux-gnu/sysroot] ==> ignore
    arg [--eh-frame-hdr] ==> ignore
    arg [-m] ==> ignore
    arg [elf64loongarch] ==> ignore
    arg [-dynamic-linker] ==> ignore
    arg [/lib64/ld.so.1] ==> ignore
    arg [-o] ==> ignore
    arg [cmTC_b414c] ==> ignore
    arg [/opt/loongson-gnu-toolchain-8.3-x86_64-loongarch64-linux-gnu-rc1.4/bin/../loongarch64-linux-gnu/sysroot/lib/../lib64/crt1.o] ==> ignore
    arg [/opt/loongson-gnu-toolchain-8.3-x86_64-loongarch64-linux-gnu-rc1.4/bin/../loongarch64-linux-gnu/sysroot/lib/../lib64/crti.o] ==> ignore
    arg [/opt/loongson-gnu-toolchain-8.3-x86_64-loongarch64-linux-gnu-rc1.4/bin/../lib/gcc/loongarch64-linux-gnu/8.3.0/crtbegin.o] ==> ignore
    arg [-L/opt/loongson-gnu-toolchain-8.3-x86_64-loongarch64-linux-gnu-rc1.4/bin/../lib/gcc/loongarch64-linux-gnu/8.3.0] ==> dir [/opt/loongson-gnu-toolchain-8.3-x86_64-loongarch64-linux-gnu-rc1.4/bin/../lib/gcc/loongarch64-linux-gnu/8.3.0]
    arg [-L/opt/loongson-gnu-toolchain-8.3-x86_64-loongarch64-linux-gnu-rc1.4/bin/../lib/gcc] ==> dir [/opt/loongson-gnu-toolchain-8.3-x86_64-loongarch64-linux-gnu-rc1.4/bin/../lib/gcc]
    arg [-L/opt/loongson-gnu-toolchain-8.3-x86_64-loongarch64-linux-gnu-rc1.4/bin/../loongarch64-linux-gnu/sysroot/lib/../lib64] ==> dir [/opt/loongson-gnu-toolchain-8.3-x86_64-loongarch64-linux-gnu-rc1.4/bin/../loongarch64-linux-gnu/sysroot/lib/../lib64]
    arg [-L/opt/loongson-gnu-toolchain-8.3-x86_64-loongarch64-linux-gnu-rc1.4/bin/../loongarch64-linux-gnu/sysroot/usr/lib/../lib64] ==> dir [/opt/loongson-gnu-toolchain-8.3-x86_64-loongarch64-linux-gnu-rc1.4/bin/../loongarch64-linux-gnu/sysroot/usr/lib/../lib64]
    arg [-L/opt/loongson-gnu-toolchain-8.3-x86_64-loongarch64-linux-gnu-rc1.4/bin/../lib/gcc/loongarch64-linux-gnu/8.3.0/../../../../loongarch64-linux-gnu/lib] ==> dir [/opt/loongson-gnu-toolchain-8.3-x86_64-loongarch64-linux-gnu-rc1.4/bin/../lib/gcc/loongarch64-linux-gnu/8.3.0/../../../../loongarch64-linux-gnu/lib]
    arg [-L/opt/loongson-gnu-toolchain-8.3-x86_64-loongarch64-linux-gnu-rc1.4/bin/../loongarch64-linux-gnu/sysroot/lib] ==> dir [/opt/loongson-gnu-toolchain-8.3-x86_64-loongarch64-linux-gnu-rc1.4/bin/../loongarch64-linux-gnu/sysroot/lib]
    arg [-L/opt/loongson-gnu-toolchain-8.3-x86_64-loongarch64-linux-gnu-rc1.4/bin/../loongarch64-linux-gnu/sysroot/usr/lib] ==> dir [/opt/loongson-gnu-toolchain-8.3-x86_64-loongarch64-linux-gnu-rc1.4/bin/../loongarch64-linux-gnu/sysroot/usr/lib]
    arg [CMakeFiles/cmTC_b414c.dir/CMakeCXXCompilerABI.cpp.o] ==> ignore
    arg [-lstdc++] ==> lib [stdc++]
    arg [-lm] ==> lib [m]
    arg [-lgcc_s] ==> lib [gcc_s]
    arg [-lgcc] ==> lib [gcc]
    arg [-lpthread] ==> lib [pthread]
    arg [-lc] ==> lib [c]
    arg [-lgcc_s] ==> lib [gcc_s]
    arg [-lgcc] ==> lib [gcc]
    arg [/opt/loongson-gnu-toolchain-8.3-x86_64-loongarch64-linux-gnu-rc1.4/bin/../lib/gcc/loongarch64-linux-gnu/8.3.0/crtend.o] ==> ignore
    arg [/opt/loongson-gnu-toolchain-8.3-x86_64-loongarch64-linux-gnu-rc1.4/bin/../loongarch64-linux-gnu/sysroot/lib/../lib64/crtn.o] ==> ignore
  collapse library dir [/opt/loongson-gnu-toolchain-8.3-x86_64-loongarch64-linux-gnu-rc1.4/bin/../lib/gcc/loongarch64-linux-gnu/8.3.0] ==> [/opt/loongson-gnu-toolchain-8.3-x86_64-loongarch64-linux-gnu-rc1.4/lib/gcc/loongarch64-linux-gnu/8.3.0]
  collapse library dir [/opt/loongson-gnu-toolchain-8.3-x86_64-loongarch64-linux-gnu-rc1.4/bin/../lib/gcc] ==> [/opt/loongson-gnu-toolchain-8.3-x86_64-loongarch64-linux-gnu-rc1.4/lib/gcc]
  collapse library dir [/opt/loongson-gnu-toolchain-8.3-x86_64-loongarch64-linux-gnu-rc1.4/bin/../loongarch64-linux-gnu/sysroot/lib/../lib64] ==> [/opt/loongson-gnu-toolchain-8.3-x86_64-loongarch64-linux-gnu-rc1.4/loongarch64-linux-gnu/sysroot/lib64]
  collapse library dir [/opt/loongson-gnu-toolchain-8.3-x86_64-loongarch64-linux-gnu-rc1.4/bin/../loongarch64-linux-gnu/sysroot/usr/lib/../lib64] ==> [/opt/loongson-gnu-toolchain-8.3-x86_64-loongarch64-linux-gnu-rc1.4/loongarch64-linux-gnu/sysroot/usr/lib64]
  collapse library dir [/opt/loongson-gnu-toolchain-8.3-x86_64-loongarch64-linux-gnu-rc1.4/bin/../lib/gcc/loongarch64-linux-gnu/8.3.0/../../../../loongarch64-linux-gnu/lib] ==> [/opt/loongson-gnu-toolchain-8.3-x86_64-loongarch64-linux-gnu-rc1.4/loongarch64-linux-gnu/lib]
  collapse library dir [/opt/loongson-gnu-toolchain-8.3-x86_64-loongarch64-linux-gnu-rc1.4/bin/../loongarch64-linux-gnu/sysroot/lib] ==> [/opt/loongson-gnu-toolchain-8.3-x86_64-loongarch64-linux-gnu-rc1.4/loongarch64-linux-gnu/sysroot/lib]
  collapse library dir [/opt/loongson-gnu-toolchain-8.3-x86_64-loongarch64-linux-gnu-rc1.4/bin/../loongarch64-linux-gnu/sysroot/usr/lib] ==> [/opt/loongson-gnu-toolchain-8.3-x86_64-loongarch64-linux-gnu-rc1.4/loongarch64-linux-gnu/sysroot/usr/lib]
  implicit libs: [stdc++;m;gcc_s;gcc;pthread;c;gcc_s;gcc]
  implicit dirs: [/opt/loongson-gnu-toolchain-8.3-x86_64-loongarch64-linux-gnu-rc1.4/lib/gcc/loongarch64-linux-gnu/8.3.0;/opt/loongson-gnu-toolchain-8.3-x86_64-loongarch64-linux-gnu-rc1.4/lib/gcc;/opt/loongson-gnu-toolchain-8.3-x86_64-loongarch64-linux-gnu-rc1.4/loongarch64-linux-gnu/sysroot/lib64;/opt/loongson-gnu-toolchain-8.3-x86_64-loongarch64-linux-gnu-rc1.4/loongarch64-linux-gnu/sysroot/usr/lib64;/opt/loongson-gnu-toolchain-8.3-x86_64-loongarch64-linux-gnu-rc1.4/loongarch64-linux-gnu/lib;/opt/loongson-gnu-toolchain-8.3-x86_64-loongarch64-linux-gnu-rc1.4/loongarch64-linux-gnu/sysroot/lib;/opt/loongson-gnu-toolchain-8.3-x86_64-loongarch64-linux-gnu-rc1.4/loongarch64-linux-gnu/sysroot/usr/lib]
  implicit fwks: []


